[soil_master-334BU6HP7ZUDNTUBIASDDTBNNUA6574M64EMF5MPSIEEUZV6SRLQ] Running shell script
++ sed '--e=s/ /\//'
++ uname -sr
+ kernel=Linux/3.10.0-327.el7.x86_64
+ export home_3rd=/opt/jenkins/data/3rd/Linux/3.10.0-327.el7.x86_64
+ home_3rd=/opt/jenkins/data/3rd/Linux/3.10.0-327.el7.x86_64
+ make check
Making check in soil
make[1]: Entering directory `/opt/jenkins/data/workspace/soil_master-334BU6HP7ZUDNTUBIASDDTBNNUA6574M64EMF5MPSIEEUZV6SRLQ/soil'
make[1]: Nothing to be done for `check'.
make[1]: Leaving directory `/opt/jenkins/data/workspace/soil_master-334BU6HP7ZUDNTUBIASDDTBNNUA6574M64EMF5MPSIEEUZV6SRLQ/soil'
Making check in libs
make[1]: Entering directory `/opt/jenkins/data/workspace/soil_master-334BU6HP7ZUDNTUBIASDDTBNNUA6574M64EMF5MPSIEEUZV6SRLQ/libs'
make[1]: Nothing to be done for `check'.
make[1]: Leaving directory `/opt/jenkins/data/workspace/soil_master-334BU6HP7ZUDNTUBIASDDTBNNUA6574M64EMF5MPSIEEUZV6SRLQ/libs'
Making check in utest
make[1]: Entering directory `/opt/jenkins/data/workspace/soil_master-334BU6HP7ZUDNTUBIASDDTBNNUA6574M64EMF5MPSIEEUZV6SRLQ/utest'
make  unittest
make[2]: Entering directory `/opt/jenkins/data/workspace/soil_master-334BU6HP7ZUDNTUBIASDDTBNNUA6574M64EMF5MPSIEEUZV6SRLQ/utest'
make[2]: `unittest' is up to date.
make[2]: Leaving directory `/opt/jenkins/data/workspace/soil_master-334BU6HP7ZUDNTUBIASDDTBNNUA6574M64EMF5MPSIEEUZV6SRLQ/utest'
make  check-TESTS
make[2]: Entering directory `/opt/jenkins/data/workspace/soil_master-334BU6HP7ZUDNTUBIASDDTBNNUA6574M64EMF5MPSIEEUZV6SRLQ/utest'
Running main() from gtest_main.cc
[==========] Running 17 tests from 11 test cases.
[----------] Global test environment set-up.
[----------] 3 tests from JsonTest
[ RUN      ] JsonTest.getValueTest
[       OK ] JsonTest.getValueTest (0 ms)
[ RUN      ] JsonTest.escapeTest
[2017-12-26 15:04:47.304237] [debug] [JsonTest.cc line #69] s.GetString(): {"test":"123 \u0000 456"}
[2017-12-26 15:04:47.304335] [debug] [JsonTest.cc line #83] esp_test: 123 \u0000 456
[       OK ] JsonTest.escapeTest (1 ms)
[ RUN      ] JsonTest.writeValueTest
[2017-12-26 15:04:47.304363] [debug] [JsonTest.cc line #115] sb.GetString(): {
    "test1": "\u0000",
    "test2": "test test",
    "test3": false,
    "test4": 500,
    "test5": "12345",
    "test6": "ttttt",
    "test7": "ttttt",
    "test8": 100
}
[       OK ] JsonTest.writeValueTest (0 ms)
[----------] 3 tests from JsonTest (1 ms total)

[----------] 1 test from ReaderWriterQueueTest
[ RUN      ] ReaderWriterQueueTest.queueTest
[2017-12-26 15:04:47.304462] [info] [ReaderWriterQueueTest.cc line #22] onStart()
[2017-12-26 15:04:47.304475] [info] [ReaderWriterQueueTest.cc line #18] msgCallback() - msg: 0
[2017-12-26 15:04:47.304482] [info] [ReaderWriterQueueTest.cc line #18] msgCallback() - msg: 1
[2017-12-26 15:04:47.304488] [info] [ReaderWriterQueueTest.cc line #18] msgCallback() - msg: 2
[2017-12-26 15:04:47.304493] [info] [ReaderWriterQueueTest.cc line #18] msgCallback() - msg: 3
[2017-12-26 15:04:47.304498] [info] [ReaderWriterQueueTest.cc line #18] msgCallback() - msg: 4
[2017-12-26 15:04:47.304504] [info] [ReaderWriterQueueTest.cc line #18] msgCallback() - msg: 5
[2017-12-26 15:04:47.304509] [info] [ReaderWriterQueueTest.cc line #18] msgCallback() - msg: 6
[2017-12-26 15:04:47.304514] [info] [ReaderWriterQueueTest.cc line #18] msgCallback() - msg: 7
[2017-12-26 15:04:47.304520] [info] [ReaderWriterQueueTest.cc line #18] msgCallback() - msg: 8
[2017-12-26 15:04:47.304525] [info] [ReaderWriterQueueTest.cc line #18] msgCallback() - msg: 9
[2017-12-26 15:04:48.304620] [info] [ReaderWriterQueueTest.cc line #26] onStop()
[       OK ] ReaderWriterQueueTest.queueTest (1001 ms)
[----------] 1 test from ReaderWriterQueueTest (1001 ms total)

[----------] 1 test from RingQueueTest
[ RUN      ] RingQueueTest.allTest
[       OK ] RingQueueTest.allTest (0 ms)
[----------] 1 test from RingQueueTest (0 ms total)

[----------] 1 test from LogTest
[ RUN      ] LogTest.logTest
[2017-12-26 15:04:48.305624] [trace] [LogTest.cc line #36] This is a trace log
[2017-12-26 15:04:48.305653] [debug] [LogTest.cc line #37] This is a debug log
[2017-12-26 15:04:48.305666] [info] [LogTest.cc line #38] This is a info log
[2017-12-26 15:04:48.305690] [warning] [LogTest.cc line #39] This is a warn log
[2017-12-26 15:04:48.305700] [error] [LogTest.cc line #40] This is a error log
[2017-12-26 15:04:48.305708] [critical] [LogTest.cc line #41] This is a critical log
[2017-12-26 15:04:48.305716] [trace] [LogTest.cc line #43] This is a trace_if log
[2017-12-26 15:04:48.305724] [debug] [LogTest.cc line #44] This is a debug_if log
[2017-12-26 15:04:48.305732] [info] [LogTest.cc line #45] This is a info_if log
[2017-12-26 15:04:48.305740] [warning] [LogTest.cc line #46] This is a warn_if log
[2017-12-26 15:04:48.305748] [error] [LogTest.cc line #47] This is a error_if log
[2017-12-26 15:04:48.305756] [critical] [LogTest.cc line #48] This is a critical_if log
[2017-12-26 15:04:48.305763] [info] [LogTest.cc line #51] Point is (3.2, 4.5)
[2017-12-26 15:04:48.305824] [trace] [LogTest.cc line #53] TestBody()
[2017-12-26 15:04:48.305835] [debug] [LogTest.cc line #56] test_print: hello, print.
[2017-12-26 15:04:48.305844] [debug] [LogTest.cc line #59] &test: 100
[2017-12-26 15:04:48.305853] [debug] [LogTest.cc line #62] &tt: test pointer
[       OK ] LogTest.logTest (0 ms)
[----------] 1 test from LogTest (0 ms total)

[----------] 2 tests from STimerTest
[ RUN      ] STimerTest.wait2STest
[       OK ] STimerTest.wait2STest (2001 ms)
[ RUN      ] STimerTest.notifyTest
[       OK ] STimerTest.notifyTest (1000 ms)
[----------] 2 tests from STimerTest (3001 ms total)

[----------] 1 test from DataFileTest
[ RUN      ] DataFileTest.dataFileTest
[2017-12-26 15:04:51.306837] [trace] [DataFile.cc line #43] ~DataFile()
[2017-12-26 15:04:51.306830] [trace] [DataFile.cc line #17] onMsg()
[2017-12-26 15:04:51.306887] [trace] [DataFile.cc line #51] outData()
[2017-12-26 15:04:51.306901] [trace] [DataFileTest.cc line #22] writeToFile()
[2017-12-26 15:04:51.306913] [debug] [DataFileTest.cc line #24] x_: 1
[2017-12-26 15:04:51.306923] [debug] [DataFileTest.cc line #25] y_: 2
[2017-12-26 15:04:51.306955] [trace] [DataFile.cc line #17] onMsg()
[2017-12-26 15:04:51.306966] [trace] [DataFile.cc line #51] outData()
[2017-12-26 15:04:51.306975] [trace] [DataFileTest.cc line #22] writeToFile()
[2017-12-26 15:04:51.306984] [debug] [DataFileTest.cc line #24] x_: 2
[2017-12-26 15:04:51.306993] [debug] [DataFileTest.cc line #25] y_: 3
[       OK ] DataFileTest.dataFileTest (1001 ms)
[----------] 1 test from DataFileTest (1001 ms total)

[----------] 1 test from MacroTest
[ RUN      ] MacroTest.rangeForTest
Hello, world!
1 2 3 
2 3 4 
[       OK ] MacroTest.rangeForTest (0 ms)
[----------] 1 test from MacroTest (0 ms total)

[----------] 4 tests from DateTimeTest
[ RUN      ] DateTimeTest.dateTimeTest
2017-12-26 15:04:52.307523113
2017-12-26 15:04:52.307523113
[2017-12-26 15:04:52.307593] [debug] [DateTimeTest.cc line #24] cur time: 2017-12-26 15:04:52.307523113
2017-12-26 10:10:20.000000000
2015-11-18 00:00:00.000000000
2016-06-01 01:47:41.613184321
[       OK ] DateTimeTest.dateTimeTest (1 ms)
[ RUN      ] DateTimeTest.operatorTest
2017-12-26 15:04:52.308228805
2017-12-26 15:04:52.408228805
2017-12-26 15:05:12.408228805
2017-12-26 15:04:52.308272813
20099955992 nano seconds.
[       OK ] DateTimeTest.operatorTest (0 ms)
[ RUN      ] DateTimeTest.getStringTest
[       OK ] DateTimeTest.getStringTest (0 ms)
[ RUN      ] DateTimeTest.nowTest
[       OK ] DateTimeTest.nowTest (0 ms)
[----------] 4 tests from DateTimeTest (1 ms total)

[----------] 1 test from StringTest
[ RUN      ] StringTest.splitTest
set:
Hello world 
vec:
Hello world 
[       OK ] StringTest.splitTest (0 ms)
[----------] 1 test from StringTest (0 ms total)

[----------] 1 test from DemangleTest
[ RUN      ] DemangleTest.demangleTest
[       OK ] DemangleTest.demangleTest (0 ms)
[----------] 1 test from DemangleTest (0 ms total)

[----------] 1 test from HexdumpTest
[ RUN      ] HexdumpTest.allTest
[2017-12-26 15:04:52.308590] [info] [hexdumpTest.cc line #15] allTest
  0000  61 66 61 6a 66 70 61 73 64 6a 66 64 6f 66 6a 32  afajfpasdjfdofj2
  0010  33 34 32 33 34 32 33 61 73 66 61 66 6f 65 72 69  3423423asfafoeri

[2017-12-26 15:04:52.308653] [info] [hexdumpTest.cc line #20] allTest
  0000  67 45 8b 6b c6 23 7b 32 69 98 3c 64 73 48 33 66  gE.k.#{2i.<dsH3f
  0010  51 dc b0 74 ff 5c 49 19 4a 94 e8 2a ec 58 55 62  Q..t.\I.J..*.XUb
  0020  29 1f 8e 23 cd 7c e8 46 ba 58 1b 3d ab d7 7e 50  )..#.|.F.X.=..~P
  0030  f2 41 b1 2e fb 1e b7 41 e3 a9 e2 79 46 e1 45 75  .A.....A...yF.Eu
  0040  7c 00 5f 51 c2 62 d0 5b 54 08 20 12 f8 27 b1 4d  |._Q.b.[T. ..'.M
  0050  1b 23 16 02 e8 e9 16 1f e7 cd 90 11 8d 43 ef 66  .#...........C.f
  0060  76 0f 0e 14                                      v...

[       OK ] HexdumpTest.allTest (0 ms)
[----------] 1 test from HexdumpTest (0 ms total)

[----------] Global test environment tear-down
[==========] 17 tests from 11 test cases ran. (5005 ms total)
[  PASSED  ] 17 tests.
PASS: unittest.sh
=============
1 test passed
=============
make[2]: Leaving directory `/opt/jenkins/data/workspace/soil_master-334BU6HP7ZUDNTUBIASDDTBNNUA6574M64EMF5MPSIEEUZV6SRLQ/utest'
make[1]: Leaving directory `/opt/jenkins/data/workspace/soil_master-334BU6HP7ZUDNTUBIASDDTBNNUA6574M64EMF5MPSIEEUZV6SRLQ/utest'
make[1]: Entering directory `/opt/jenkins/data/workspace/soil_master-334BU6HP7ZUDNTUBIASDDTBNNUA6574M64EMF5MPSIEEUZV6SRLQ'
make[1]: Nothing to be done for `check-am'.
make[1]: Leaving directory `/opt/jenkins/data/workspace/soil_master-334BU6HP7ZUDNTUBIASDDTBNNUA6574M64EMF5MPSIEEUZV6SRLQ'
