[soil_master-334BU6HP7ZUDNTUBIASDDTBNNUA6574M64EMF5MPSIEEUZV6SRLQ] Running shell script
+ make install
Making install in soil
make[1]: Entering directory `/opt/jenkins/data/workspace/soil_master-334BU6HP7ZUDNTUBIASDDTBNNUA6574M64EMF5MPSIEEUZV6SRLQ/soil'
make[2]: Entering directory `/opt/jenkins/data/workspace/soil_master-334BU6HP7ZUDNTUBIASDDTBNNUA6574M64EMF5MPSIEEUZV6SRLQ/soil'
make[2]: Nothing to be done for `install-exec-am'.
test -z "/opt/jenkins/data/libs/Linux/3.10.0-327.el7.x86_64/soil/include/soil" || /bin/mkdir -p "/opt/jenkins/data/libs/Linux/3.10.0-327.el7.x86_64/soil/include/soil"
 /usr/bin/install -c -m 644 Log.hh STimer.hh DataFile.hh Macro.hh DateTime.hh String.hh Demangle.hh Pause.hh hexdump.hh FileSystem.hh json.hh RingQueue.hh ReaderWriterQueue.hh '/opt/jenkins/data/libs/Linux/3.10.0-327.el7.x86_64/soil/include/soil'
make[2]: Leaving directory `/opt/jenkins/data/workspace/soil_master-334BU6HP7ZUDNTUBIASDDTBNNUA6574M64EMF5MPSIEEUZV6SRLQ/soil'
make[1]: Leaving directory `/opt/jenkins/data/workspace/soil_master-334BU6HP7ZUDNTUBIASDDTBNNUA6574M64EMF5MPSIEEUZV6SRLQ/soil'
Making install in libs
make[1]: Entering directory `/opt/jenkins/data/workspace/soil_master-334BU6HP7ZUDNTUBIASDDTBNNUA6574M64EMF5MPSIEEUZV6SRLQ/libs'
make[2]: Entering directory `/opt/jenkins/data/workspace/soil_master-334BU6HP7ZUDNTUBIASDDTBNNUA6574M64EMF5MPSIEEUZV6SRLQ/libs'
test -z "/opt/jenkins/data/libs/Linux/3.10.0-327.el7.x86_64/soil/lib" || /bin/mkdir -p "/opt/jenkins/data/libs/Linux/3.10.0-327.el7.x86_64/soil/lib"
 /bin/sh ../libtool   --mode=install /usr/bin/install -c   libsoil.la '/opt/jenkins/data/libs/Linux/3.10.0-327.el7.x86_64/soil/lib'
libtool: install: /usr/bin/install -c .libs/libsoil-0.1.so.0.0.1 /opt/jenkins/data/libs/Linux/3.10.0-327.el7.x86_64/soil/lib/libsoil-0.1.so.0.0.1
libtool: install: (cd /opt/jenkins/data/libs/Linux/3.10.0-327.el7.x86_64/soil/lib && { ln -s -f libsoil-0.1.so.0.0.1 libsoil-0.1.so.0 || { rm -f libsoil-0.1.so.0 && ln -s libsoil-0.1.so.0.0.1 libsoil-0.1.so.0; }; })
libtool: install: (cd /opt/jenkins/data/libs/Linux/3.10.0-327.el7.x86_64/soil/lib && { ln -s -f libsoil-0.1.so.0.0.1 libsoil.so || { rm -f libsoil.so && ln -s libsoil-0.1.so.0.0.1 libsoil.so; }; })
libtool: install: /usr/bin/install -c .libs/libsoil.lai /opt/jenkins/data/libs/Linux/3.10.0-327.el7.x86_64/soil/lib/libsoil.la
libtool: install: /usr/bin/install -c .libs/libsoil.a /opt/jenkins/data/libs/Linux/3.10.0-327.el7.x86_64/soil/lib/libsoil.a
libtool: install: chmod 644 /opt/jenkins/data/libs/Linux/3.10.0-327.el7.x86_64/soil/lib/libsoil.a
libtool: install: ranlib /opt/jenkins/data/libs/Linux/3.10.0-327.el7.x86_64/soil/lib/libsoil.a
libtool: finish: PATH="/opt/rh/devtoolset-2/root/usr/bin:/usr/local/sbin:/usr/local/bin:/usr/sbin:/usr/bin:/sbin:/bin:/sbin" ldconfig -n /opt/jenkins/data/libs/Linux/3.10.0-327.el7.x86_64/soil/lib
----------------------------------------------------------------------
Libraries have been installed in:
   /opt/jenkins/data/libs/Linux/3.10.0-327.el7.x86_64/soil/lib

If you ever happen to want to link against installed libraries
in a given directory, LIBDIR, you must either use libtool, and
specify the full pathname of the library, or use the `-LLIBDIR'
flag during linking and do at least one of the following:
   - add LIBDIR to the `LD_LIBRARY_PATH' environment variable
     during execution
   - add LIBDIR to the `LD_RUN_PATH' environment variable
     during linking
   - use the `-Wl,-rpath -Wl,LIBDIR' linker flag
   - have your system administrator add LIBDIR to `/etc/ld.so.conf'

See any operating system documentation about shared libraries for
more information, such as the ld(1) and ld.so(8) manual pages.
----------------------------------------------------------------------
make[2]: Nothing to be done for `install-data-am'.
make[2]: Leaving directory `/opt/jenkins/data/workspace/soil_master-334BU6HP7ZUDNTUBIASDDTBNNUA6574M64EMF5MPSIEEUZV6SRLQ/libs'
make[1]: Leaving directory `/opt/jenkins/data/workspace/soil_master-334BU6HP7ZUDNTUBIASDDTBNNUA6574M64EMF5MPSIEEUZV6SRLQ/libs'
Making install in utest
make[1]: Entering directory `/opt/jenkins/data/workspace/soil_master-334BU6HP7ZUDNTUBIASDDTBNNUA6574M64EMF5MPSIEEUZV6SRLQ/utest'
make[2]: Entering directory `/opt/jenkins/data/workspace/soil_master-334BU6HP7ZUDNTUBIASDDTBNNUA6574M64EMF5MPSIEEUZV6SRLQ/utest'
make[2]: Nothing to be done for `install-exec-am'.
make[2]: Nothing to be done for `install-data-am'.
make[2]: Leaving directory `/opt/jenkins/data/workspace/soil_master-334BU6HP7ZUDNTUBIASDDTBNNUA6574M64EMF5MPSIEEUZV6SRLQ/utest'
make[1]: Leaving directory `/opt/jenkins/data/workspace/soil_master-334BU6HP7ZUDNTUBIASDDTBNNUA6574M64EMF5MPSIEEUZV6SRLQ/utest'
make[1]: Entering directory `/opt/jenkins/data/workspace/soil_master-334BU6HP7ZUDNTUBIASDDTBNNUA6574M64EMF5MPSIEEUZV6SRLQ'
make[2]: Entering directory `/opt/jenkins/data/workspace/soil_master-334BU6HP7ZUDNTUBIASDDTBNNUA6574M64EMF5MPSIEEUZV6SRLQ'
make[2]: Nothing to be done for `install-exec-am'.
make[2]: Nothing to be done for `install-data-am'.
make[2]: Leaving directory `/opt/jenkins/data/workspace/soil_master-334BU6HP7ZUDNTUBIASDDTBNNUA6574M64EMF5MPSIEEUZV6SRLQ'
make[1]: Leaving directory `/opt/jenkins/data/workspace/soil_master-334BU6HP7ZUDNTUBIASDDTBNNUA6574M64EMF5MPSIEEUZV6SRLQ'
