Cloning the remote Git repository
Cloning with configured refspecs honoured and without tags
Cloning repository https://github.com/lilinj2000/readerwriterqueue.git
 > git init /var/jenkins_home/workspace/readerwriterqueue_master-C3KPNNQ2MBRU6SBA5EZSA2WRIISEMUV42ZBNK26MTDU2VGHTYI4A # timeout=10
Fetching upstream changes from https://github.com/lilinj2000/readerwriterqueue.git
 > git --version # timeout=10
using GIT_ASKPASS to set credentials GitHub Access Token
 > git fetch --no-tags --progress https://github.com/lilinj2000/readerwriterqueue.git +refs/heads/master:refs/remotes/origin/master
 > git config remote.origin.url https://github.com/lilinj2000/readerwriterqueue.git # timeout=10
 > git config --add remote.origin.fetch +refs/heads/master:refs/remotes/origin/master # timeout=10
 > git config remote.origin.url https://github.com/lilinj2000/readerwriterqueue.git # timeout=10
Fetching without tags
Fetching upstream changes from https://github.com/lilinj2000/readerwriterqueue.git
using GIT_ASKPASS to set credentials GitHub Access Token
 > git fetch --no-tags --progress https://github.com/lilinj2000/readerwriterqueue.git +refs/heads/master:refs/remotes/origin/master
Checking out Revision c4b636a27845c393c652a9851972d41371659d44 (master)
 > git config core.sparsecheckout # timeout=10
 > git checkout -f c4b636a27845c393c652a9851972d41371659d44
Commit message: "updated."
First time build. Skipping changelog.
