Cloning the remote Git repository
Cloning with configured refspecs honoured and without tags
Cloning repository https://github.com/lilinj2000/soil.git
 > git init /var/jenkins_home/workspace/soil_master-334BU6HP7ZUDNTUBIASDDTBNNUA6574M64EMF5MPSIEEUZV6SRLQ # timeout=10
Fetching upstream changes from https://github.com/lilinj2000/soil.git
 > git --version # timeout=10
using GIT_ASKPASS to set credentials GitHub Access Token
 > git fetch --no-tags --progress https://github.com/lilinj2000/soil.git +refs/heads/master:refs/remotes/origin/master
 > git config remote.origin.url https://github.com/lilinj2000/soil.git # timeout=10
 > git config --add remote.origin.fetch +refs/heads/master:refs/remotes/origin/master # timeout=10
 > git config remote.origin.url https://github.com/lilinj2000/soil.git # timeout=10
Fetching without tags
Fetching upstream changes from https://github.com/lilinj2000/soil.git
using GIT_ASKPASS to set credentials GitHub Access Token
 > git fetch --no-tags --progress https://github.com/lilinj2000/soil.git +refs/heads/master:refs/remotes/origin/master
Checking out Revision e525c5177bf9990d11def17a139b40e28243da92 (master)
 > git config core.sparsecheckout # timeout=10
 > git checkout -f e525c5177bf9990d11def17a139b40e28243da92
Commit message: "fixed coverage report dir."
 > git rev-list --no-walk e5d79c372a9f08dc6b2f5fa3f802cdb7730d0693 # timeout=10
