[fmt_master-XTBSYUAIIXSHVVV5ZA73O4ZWW7274XNZLZTOFGWNUYRNE75UCXDA] Running shell script
+ mkdir -p build
+ cd build
++ uname -sr
++ sed '--e=s/ /\//'
+ kernel=Linux/3.10.0-327.el7.x86_64
+ home_3rd=/opt/jenkins/data/3rd/Linux/3.10.0-327.el7.x86_64
+ cmake -DCMAKE_INSTALL_PREFIX=/opt/jenkins/data/3rd/Linux/3.10.0-327.el7.x86_64/fmt -DBUILD_SHARED_LIBS=TRUE ..
-- CMake version: 2.8.12.2
-- Version: 4.0.1
-- Build type: Release
-- Target 'doc' disabled (requires doxygen)
-- Configuring done
-- Generating done
-- Build files have been written to: /opt/jenkins/data/workspace/fmt_master-XTBSYUAIIXSHVVV5ZA73O4ZWW7274XNZLZTOFGWNUYRNE75UCXDA/build
+ make
Scanning dependencies of target fmt
[  3%] Building CXX object fmt/CMakeFiles/fmt.dir/posix.cc.o
[  6%] Building CXX object fmt/CMakeFiles/fmt.dir/format.cc.o
[  9%] Building CXX object fmt/CMakeFiles/fmt.dir/ostream.cc.o
[ 12%] Building CXX object fmt/CMakeFiles/fmt.dir/printf.cc.o
Linking CXX shared library libfmt.so
[ 12%] Built target fmt
[ 16%] Built target gmock
Scanning dependencies of target test-main
[ 19%] Building CXX object test/CMakeFiles/test-main.dir/test-main.cc.o
[ 22%] Building CXX object test/CMakeFiles/test-main.dir/gtest-extra.cc.o
[ 25%] Building CXX object test/CMakeFiles/test-main.dir/util.cc.o
Linking CXX static library libtest-main.a
[ 25%] Built target test-main
Scanning dependencies of target assert-test
[ 29%] Building CXX object test/CMakeFiles/assert-test.dir/assert-test.cc.o
Linking CXX executable ../bin/assert-test
[ 29%] Built target assert-test
Scanning dependencies of target container-test
[ 32%] Building CXX object test/CMakeFiles/container-test.dir/container-test.cc.o
Linking CXX executable ../bin/container-test
[ 32%] Built target container-test
Scanning dependencies of target custom-formatter-test
[ 35%] Building CXX object test/CMakeFiles/custom-formatter-test.dir/custom-formatter-test.cc.o
Linking CXX executable ../bin/custom-formatter-test
[ 35%] Built target custom-formatter-test
Scanning dependencies of target format-impl-test
[ 38%] Building CXX object test/CMakeFiles/format-impl-test.dir/format-impl-test.cc.o
Linking CXX executable ../bin/format-impl-test
[ 38%] Built target format-impl-test
Scanning dependencies of target format-test
[ 41%] Building CXX object test/CMakeFiles/format-test.dir/format-test.cc.o
Linking CXX executable ../bin/format-test
[ 41%] Built target format-test
Scanning dependencies of target gtest-extra-test
[ 45%] Building CXX object test/CMakeFiles/gtest-extra-test.dir/gtest-extra-test.cc.o
Linking CXX executable ../bin/gtest-extra-test
[ 45%] Built target gtest-extra-test
[ 54%] Built target header-only-test
Scanning dependencies of target macro-test
[ 58%] Building CXX object test/CMakeFiles/macro-test.dir/macro-test.cc.o
Linking CXX executable ../bin/macro-test
[ 58%] Built target macro-test
[ 61%] Building CXX object test/CMakeFiles/noexception-test.dir/__/fmt/format.cc.o
Linking CXX shared library libnoexception-test.so
[ 61%] Built target noexception-test
Scanning dependencies of target ostream-test
[ 64%] Building CXX object test/CMakeFiles/ostream-test.dir/ostream-test.cc.o
Linking CXX executable ../bin/ostream-test
[ 64%] Built target ostream-test
[ 83%] Built target posix-mock-test
Scanning dependencies of target posix-test
[ 87%] Building CXX object test/CMakeFiles/posix-test.dir/posix-test.cc.o
Linking CXX executable ../bin/posix-test
[ 87%] Built target posix-test
Scanning dependencies of target printf-test
[ 90%] Building CXX object test/CMakeFiles/printf-test.dir/printf-test.cc.o
Linking CXX executable ../bin/printf-test
[ 90%] Built target printf-test
Scanning dependencies of target string-test
[ 93%] Building CXX object test/CMakeFiles/string-test.dir/string-test.cc.o
Linking CXX executable ../bin/string-test
[ 93%] Built target string-test
Scanning dependencies of target time-test
[ 96%] Building CXX object test/CMakeFiles/time-test.dir/time-test.cc.o
Linking CXX executable ../bin/time-test
[ 96%] Built target time-test
Scanning dependencies of target util-test
[100%] Building CXX object test/CMakeFiles/util-test.dir/util-test.cc.o
Linking CXX executable ../bin/util-test
[100%] Built target util-test
