Cloning the remote Git repository
Cloning with configured refspecs honoured and without tags
Cloning repository https://github.com/lilinj2000/disruptor--.git
 > git init /opt/jenkins/data/workspace/disruptor--_master-DIHSTG4AMUAGK5LCOLPQ7BJ7E4DTFD4AD7XAMJUHYGRY2C47PYKA # timeout=10
Fetching upstream changes from https://github.com/lilinj2000/disruptor--.git
 > git --version # timeout=10
using GIT_ASKPASS to set credentials GitHub Access Token
 > git fetch --no-tags --progress https://github.com/lilinj2000/disruptor--.git +refs/heads/master:refs/remotes/origin/master
 > git config remote.origin.url https://github.com/lilinj2000/disruptor--.git # timeout=10
 > git config --add remote.origin.fetch +refs/heads/master:refs/remotes/origin/master # timeout=10
 > git config remote.origin.url https://github.com/lilinj2000/disruptor--.git # timeout=10
Fetching without tags
Fetching upstream changes from https://github.com/lilinj2000/disruptor--.git
using GIT_ASKPASS to set credentials GitHub Access Token
 > git fetch --no-tags --progress https://github.com/lilinj2000/disruptor--.git +refs/heads/master:refs/remotes/origin/master
Checking out Revision a3816e45542d0e3fc2cf167059cfa4265387db54 (master)
 > git config core.sparsecheckout # timeout=10
 > git checkout -f a3816e45542d0e3fc2cf167059cfa4265387db54
Commit message: "add Jenkinsfile."
First time build. Skipping changelog.
