Started by user [8mha:////4NTAXxzDt9vvRP8JC+uK4zTJ0PochUY28rlesuP+btu9AAAAlR+LCAAAAAAAAP9b85aBtbiIQTGjNKU4P08vOT+vOD8nVc83PyU1x6OyILUoJzMv2y+/JJUBAhiZGBgqihhk0NSjKDWzXb3RdlLBUSYGJk8GtpzUvPSSDB8G5tKinBIGIZ+sxLJE/ZzEvHT94JKizLx0a6BxUmjGOUNodHsLgAyuEgZO/dLi1CL9nJwsAPHZlDK+AAAA[0mlilinjiang
[Fri Dec 29 18:39:51 CST 2017] Starting branch indexing...
[8mha:////4B1SSrF32cu1YPKDnrF/SiT58VUmZXKvbA0eAN7L/4AZAAAAhB+LCAAAAAAAAP9b85aBtbiIwSa/KF0vKzUvOzOvODlTryCnNB3I0kvPLMkoTYpPKkrMS86IL84vLUpO1XPPLPEoTXLOzyvOz0n1yy9JZYAARiYGRi8GzpLM3NTiksTcgooiBqmM0pTi/Dy9ZIhiPayaGCoKgHTCwtveVwHmQCYpjgAAAA==[0mConnecting to https://api.github.com using llj/****** (GitHub Access Token)
[8mha:////4I+KhqOMLTTJVzoTDg8iAOKYHhsShW6ZihkUNvSES+C5AAAAhB+LCAAAAAAAAP9b85aBtbiIwSa/KF0vKzUvOzOvODlTryCnNB3I0kvPLMkoTYpPKkrMS86IL84vLUpO1XPPLPEoTXLOzyvOz0n1yy9JZYAARiYGRi8GzpLM3NTiksTcgooiBqmM0pTi/Dy9ZIhiPayaGCoKgHTCwtv+ugDM/yz+jgAAAA==[0mConnecting to https://api.github.com using llj/****** (GitHub Access Token)
Examining [8mha:////4Oysof1VH441OheUejibTJF/ikKV6vW8CZpQPjSET9XHAAAAqB+LCAAAAAAAAP9b85aBtbiIQSajNKU4P08vOT+vOD8nVc+jsiC1KCczL9svvyTVzHb1RttJBUeZGJg8GdhyUvPSSzJ8GJhLi3JKGIR8shLLEvVzEvPS9YNLijLz0q0rihik0IxzhtAgwxgggJGJgaGiAMgQK2HQzCgpKSi20tdPzyzJKE0C6srVz8kE2p5lZGBgoJ+SWVxUWlCSX6SrCwAbUZesrgAAAA==[0mlilinj2000/disruptor--

  Checking branches...

  Getting remote branches...

    Checking branch [8mha:////4M6/NFungtDbAaSHwGJsCS4imcDhoiB/Mb2anGNzg+MWAAAAtx+LCAAAAAAAAP9b85aBtbiIQSajNKU4P08vOT+vOD8nVc+jsiC1KCczL9svvyTVzHb1RttJBUeZGJg8GdhyUvPSSzJ8GJhLi3JKGIR8shLLEvVzEvPS9YNLijLz0q0rihik0IxzhtAgwxgggJGJgaGiAMjgLGGwyCgpKSi20tdPzyzJKE0C6srVz8kE2p5lZGBgoJ+SWVxUWlCSX6Srq19SlJqqn5ybmJ0abxRvAQDgaPQDvQAAAA==[0mcmake_2_8
      ‘Jenkinsfile’ not found
    Does not meet criteria

    Checking branch [8mha:////4BaFa9VDpfkvwCQc6qUFgUX46hi8+ekYAet41dKvhe+cAAAAsx+LCAAAAAAAAP9djbENwjAQRY8goKdErJBcRJEClIoGpIiGCQKxYgdjW+dzFNZgDWgYgnHYgaB0/Ob/5r3//MDEEyxlqLw1ydkab7VIdjcnSCtzOVgWWf545Xf3jiDaw1QLU7MsYBxIM8yLpmxL1KWp8cikTL3pCBZ/uu3QPxkMGUUAnevHjCGTzM6vEWvFMpx66opa9e/NKk1TrJSn4NhSHCOTEFiJVmjrvkp8FFe7AAAA[0mdevelop
      ‘Jenkinsfile’ not found
    Does not meet criteria

    Checking branch [8mha:////4DWOQNXL+UGkE5Ss+KhKRnnqSRbpdyU3hDqYZFM0HTnMAAAAsx+LCAAAAAAAAP9djbENwjAURD9BZABKxAqJIyQoQKloQIpomMAQy3ZwbOv7G4U1WAMahmAcdiAoHdfcNe/d8wOTgDBXsQ7O5mdngzMi3928QKPt5eBIrMrHq7z7dwLJHlIjrCRVwTiiIZhWDb9yZriV7Eiordx0CLM/3XbonwyGjBKAzvcjJVgqIh/WjElNKp56qmVG9+/NoigKVuuA0ZPDLGOEQrCWBxL4BXEuliO6AAAA[0mmaster
      ‘Jenkinsfile’ found
    Met criteria
Scheduled build for branch: master

    Checking branch [8mha:////4FrhdKf7KsvrO8wBY4bTTQbJAH1o098VrLlJXRVa1SEAAAAAtx+LCAAAAAAAAP9djbENwjAQRY8gaOgoESskF1FQBKWiASmiYYIAVuzE2Nb5DGEN1oCGIRiHHQhKx2/+b977zw+MPMFchpO3Jjla460WyebmBGllmp1lscwfr/zu3hFEWxhrYSqWBQwDaYZpUZeXEnVpKtwzKVOtWoLZn27d908GfQYRQOu6MWHIJLPzGWKlWIZDR51Rq+69XqRpiiflKTi2FMfIJAReLTWCYmet/gLzFMbYvwAAAA==[0mworker-pool
      ‘Jenkinsfile’ not found
    Does not meet criteria

  4 branches were processed

Finished examining lilinj2000/disruptor--

[Fri Dec 29 18:39:54 CST 2017] Finished branch indexing. Indexing took 2.8 sec
Finished: SUCCESS
