[soil_master-334BU6HP7ZUDNTUBIASDDTBNNUA6574M64EMF5MPSIEEUZV6SRLQ] Running shell script
+ make check
Making check in soil
make[1]: Entering directory `/var/jenkins_home/workspace/soil_master-334BU6HP7ZUDNTUBIASDDTBNNUA6574M64EMF5MPSIEEUZV6SRLQ/soil'
make[1]: Nothing to be done for `check'.
make[1]: Leaving directory `/var/jenkins_home/workspace/soil_master-334BU6HP7ZUDNTUBIASDDTBNNUA6574M64EMF5MPSIEEUZV6SRLQ/soil'
Making check in libs
make[1]: Entering directory `/var/jenkins_home/workspace/soil_master-334BU6HP7ZUDNTUBIASDDTBNNUA6574M64EMF5MPSIEEUZV6SRLQ/libs'
make[1]: Nothing to be done for `check'.
make[1]: Leaving directory `/var/jenkins_home/workspace/soil_master-334BU6HP7ZUDNTUBIASDDTBNNUA6574M64EMF5MPSIEEUZV6SRLQ/libs'
Making check in utest
make[1]: Entering directory `/var/jenkins_home/workspace/soil_master-334BU6HP7ZUDNTUBIASDDTBNNUA6574M64EMF5MPSIEEUZV6SRLQ/utest'
make  unittest
make[2]: Entering directory `/var/jenkins_home/workspace/soil_master-334BU6HP7ZUDNTUBIASDDTBNNUA6574M64EMF5MPSIEEUZV6SRLQ/utest'
g++ -DPACKAGE_NAME=\"soil\" -DPACKAGE_TARNAME=\"soil\" -DPACKAGE_VERSION=\"0.1\" -DPACKAGE_STRING=\"soil\ 0.1\" -DPACKAGE_BUGREPORT=\"lilinj2000@gmail.com\" -DPACKAGE=\"soil\" -DVERSION=\"0.1\" -DSTDC_HEADERS=1 -DHAVE_SYS_TYPES_H=1 -DHAVE_SYS_STAT_H=1 -DHAVE_STDLIB_H=1 -DHAVE_STRING_H=1 -DHAVE_MEMORY_H=1 -DHAVE_STRINGS_H=1 -DHAVE_INTTYPES_H=1 -DHAVE_STDINT_H=1 -DHAVE_UNISTD_H=1 -DHAVE_DLFCN_H=1 -DLT_OBJDIR=\".libs/\" -I.  -I.. -I/var/jenkins_home/dist_pkg/3rd/centos6/boost/include -DBOOST_ALL_DYN_LINK -I/var/jenkins_home/dist_pkg/3rd/centos6/rapidjson/include -DRAPIDJSON_HAS_STDSTRING -I/var/jenkins_home/dist_pkg/3rd/centos6/fmt/include -I/var/jenkins_home/dist_pkg/3rd/centos6/spdlog/include -DSPDLOG_FMT_EXTERNAL -I/var/jenkins_home/dist_pkg/3rd/centos6/disruptor/include -I/var/jenkins_home/dist_pkg/3rd/centos6/readerwriterqueue/include -I/var/jenkins_home/dist_pkg/3rd/centos6/googletest/include    -g -O2 -std=c++11 -MT unittest-JsonTest.o -MD -MP -MF .deps/unittest-JsonTest.Tpo -c -o unittest-JsonTest.o `test -f 'JsonTest.cc' || echo './'`JsonTest.cc
mv -f .deps/unittest-JsonTest.Tpo .deps/unittest-JsonTest.Po
g++ -DPACKAGE_NAME=\"soil\" -DPACKAGE_TARNAME=\"soil\" -DPACKAGE_VERSION=\"0.1\" -DPACKAGE_STRING=\"soil\ 0.1\" -DPACKAGE_BUGREPORT=\"lilinj2000@gmail.com\" -DPACKAGE=\"soil\" -DVERSION=\"0.1\" -DSTDC_HEADERS=1 -DHAVE_SYS_TYPES_H=1 -DHAVE_SYS_STAT_H=1 -DHAVE_STDLIB_H=1 -DHAVE_STRING_H=1 -DHAVE_MEMORY_H=1 -DHAVE_STRINGS_H=1 -DHAVE_INTTYPES_H=1 -DHAVE_STDINT_H=1 -DHAVE_UNISTD_H=1 -DHAVE_DLFCN_H=1 -DLT_OBJDIR=\".libs/\" -I.  -I.. -I/var/jenkins_home/dist_pkg/3rd/centos6/boost/include -DBOOST_ALL_DYN_LINK -I/var/jenkins_home/dist_pkg/3rd/centos6/rapidjson/include -DRAPIDJSON_HAS_STDSTRING -I/var/jenkins_home/dist_pkg/3rd/centos6/fmt/include -I/var/jenkins_home/dist_pkg/3rd/centos6/spdlog/include -DSPDLOG_FMT_EXTERNAL -I/var/jenkins_home/dist_pkg/3rd/centos6/disruptor/include -I/var/jenkins_home/dist_pkg/3rd/centos6/readerwriterqueue/include -I/var/jenkins_home/dist_pkg/3rd/centos6/googletest/include    -g -O2 -std=c++11 -MT unittest-ReaderWriterQueueTest.o -MD -MP -MF .deps/unittest-ReaderWriterQueueTest.Tpo -c -o unittest-ReaderWriterQueueTest.o `test -f 'ReaderWriterQueueTest.cc' || echo './'`ReaderWriterQueueTest.cc
mv -f .deps/unittest-ReaderWriterQueueTest.Tpo .deps/unittest-ReaderWriterQueueTest.Po
g++ -DPACKAGE_NAME=\"soil\" -DPACKAGE_TARNAME=\"soil\" -DPACKAGE_VERSION=\"0.1\" -DPACKAGE_STRING=\"soil\ 0.1\" -DPACKAGE_BUGREPORT=\"lilinj2000@gmail.com\" -DPACKAGE=\"soil\" -DVERSION=\"0.1\" -DSTDC_HEADERS=1 -DHAVE_SYS_TYPES_H=1 -DHAVE_SYS_STAT_H=1 -DHAVE_STDLIB_H=1 -DHAVE_STRING_H=1 -DHAVE_MEMORY_H=1 -DHAVE_STRINGS_H=1 -DHAVE_INTTYPES_H=1 -DHAVE_STDINT_H=1 -DHAVE_UNISTD_H=1 -DHAVE_DLFCN_H=1 -DLT_OBJDIR=\".libs/\" -I.  -I.. -I/var/jenkins_home/dist_pkg/3rd/centos6/boost/include -DBOOST_ALL_DYN_LINK -I/var/jenkins_home/dist_pkg/3rd/centos6/rapidjson/include -DRAPIDJSON_HAS_STDSTRING -I/var/jenkins_home/dist_pkg/3rd/centos6/fmt/include -I/var/jenkins_home/dist_pkg/3rd/centos6/spdlog/include -DSPDLOG_FMT_EXTERNAL -I/var/jenkins_home/dist_pkg/3rd/centos6/disruptor/include -I/var/jenkins_home/dist_pkg/3rd/centos6/readerwriterqueue/include -I/var/jenkins_home/dist_pkg/3rd/centos6/googletest/include    -g -O2 -std=c++11 -MT unittest-RingQueueTest.o -MD -MP -MF .deps/unittest-RingQueueTest.Tpo -c -o unittest-RingQueueTest.o `test -f 'RingQueueTest.cc' || echo './'`RingQueueTest.cc
mv -f .deps/unittest-RingQueueTest.Tpo .deps/unittest-RingQueueTest.Po
g++ -DPACKAGE_NAME=\"soil\" -DPACKAGE_TARNAME=\"soil\" -DPACKAGE_VERSION=\"0.1\" -DPACKAGE_STRING=\"soil\ 0.1\" -DPACKAGE_BUGREPORT=\"lilinj2000@gmail.com\" -DPACKAGE=\"soil\" -DVERSION=\"0.1\" -DSTDC_HEADERS=1 -DHAVE_SYS_TYPES_H=1 -DHAVE_SYS_STAT_H=1 -DHAVE_STDLIB_H=1 -DHAVE_STRING_H=1 -DHAVE_MEMORY_H=1 -DHAVE_STRINGS_H=1 -DHAVE_INTTYPES_H=1 -DHAVE_STDINT_H=1 -DHAVE_UNISTD_H=1 -DHAVE_DLFCN_H=1 -DLT_OBJDIR=\".libs/\" -I.  -I.. -I/var/jenkins_home/dist_pkg/3rd/centos6/boost/include -DBOOST_ALL_DYN_LINK -I/var/jenkins_home/dist_pkg/3rd/centos6/rapidjson/include -DRAPIDJSON_HAS_STDSTRING -I/var/jenkins_home/dist_pkg/3rd/centos6/fmt/include -I/var/jenkins_home/dist_pkg/3rd/centos6/spdlog/include -DSPDLOG_FMT_EXTERNAL -I/var/jenkins_home/dist_pkg/3rd/centos6/disruptor/include -I/var/jenkins_home/dist_pkg/3rd/centos6/readerwriterqueue/include -I/var/jenkins_home/dist_pkg/3rd/centos6/googletest/include    -g -O2 -std=c++11 -MT unittest-LogTest.o -MD -MP -MF .deps/unittest-LogTest.Tpo -c -o unittest-LogTest.o `test -f 'LogTest.cc' || echo './'`LogTest.cc
mv -f .deps/unittest-LogTest.Tpo .deps/unittest-LogTest.Po
g++ -DPACKAGE_NAME=\"soil\" -DPACKAGE_TARNAME=\"soil\" -DPACKAGE_VERSION=\"0.1\" -DPACKAGE_STRING=\"soil\ 0.1\" -DPACKAGE_BUGREPORT=\"lilinj2000@gmail.com\" -DPACKAGE=\"soil\" -DVERSION=\"0.1\" -DSTDC_HEADERS=1 -DHAVE_SYS_TYPES_H=1 -DHAVE_SYS_STAT_H=1 -DHAVE_STDLIB_H=1 -DHAVE_STRING_H=1 -DHAVE_MEMORY_H=1 -DHAVE_STRINGS_H=1 -DHAVE_INTTYPES_H=1 -DHAVE_STDINT_H=1 -DHAVE_UNISTD_H=1 -DHAVE_DLFCN_H=1 -DLT_OBJDIR=\".libs/\" -I.  -I.. -I/var/jenkins_home/dist_pkg/3rd/centos6/boost/include -DBOOST_ALL_DYN_LINK -I/var/jenkins_home/dist_pkg/3rd/centos6/rapidjson/include -DRAPIDJSON_HAS_STDSTRING -I/var/jenkins_home/dist_pkg/3rd/centos6/fmt/include -I/var/jenkins_home/dist_pkg/3rd/centos6/spdlog/include -DSPDLOG_FMT_EXTERNAL -I/var/jenkins_home/dist_pkg/3rd/centos6/disruptor/include -I/var/jenkins_home/dist_pkg/3rd/centos6/readerwriterqueue/include -I/var/jenkins_home/dist_pkg/3rd/centos6/googletest/include    -g -O2 -std=c++11 -MT unittest-STimerTest.o -MD -MP -MF .deps/unittest-STimerTest.Tpo -c -o unittest-STimerTest.o `test -f 'STimerTest.cc' || echo './'`STimerTest.cc
mv -f .deps/unittest-STimerTest.Tpo .deps/unittest-STimerTest.Po
g++ -DPACKAGE_NAME=\"soil\" -DPACKAGE_TARNAME=\"soil\" -DPACKAGE_VERSION=\"0.1\" -DPACKAGE_STRING=\"soil\ 0.1\" -DPACKAGE_BUGREPORT=\"lilinj2000@gmail.com\" -DPACKAGE=\"soil\" -DVERSION=\"0.1\" -DSTDC_HEADERS=1 -DHAVE_SYS_TYPES_H=1 -DHAVE_SYS_STAT_H=1 -DHAVE_STDLIB_H=1 -DHAVE_STRING_H=1 -DHAVE_MEMORY_H=1 -DHAVE_STRINGS_H=1 -DHAVE_INTTYPES_H=1 -DHAVE_STDINT_H=1 -DHAVE_UNISTD_H=1 -DHAVE_DLFCN_H=1 -DLT_OBJDIR=\".libs/\" -I.  -I.. -I/var/jenkins_home/dist_pkg/3rd/centos6/boost/include -DBOOST_ALL_DYN_LINK -I/var/jenkins_home/dist_pkg/3rd/centos6/rapidjson/include -DRAPIDJSON_HAS_STDSTRING -I/var/jenkins_home/dist_pkg/3rd/centos6/fmt/include -I/var/jenkins_home/dist_pkg/3rd/centos6/spdlog/include -DSPDLOG_FMT_EXTERNAL -I/var/jenkins_home/dist_pkg/3rd/centos6/disruptor/include -I/var/jenkins_home/dist_pkg/3rd/centos6/readerwriterqueue/include -I/var/jenkins_home/dist_pkg/3rd/centos6/googletest/include    -g -O2 -std=c++11 -MT unittest-DataFileTest.o -MD -MP -MF .deps/unittest-DataFileTest.Tpo -c -o unittest-DataFileTest.o `test -f 'DataFileTest.cc' || echo './'`DataFileTest.cc
mv -f .deps/unittest-DataFileTest.Tpo .deps/unittest-DataFileTest.Po
g++ -DPACKAGE_NAME=\"soil\" -DPACKAGE_TARNAME=\"soil\" -DPACKAGE_VERSION=\"0.1\" -DPACKAGE_STRING=\"soil\ 0.1\" -DPACKAGE_BUGREPORT=\"lilinj2000@gmail.com\" -DPACKAGE=\"soil\" -DVERSION=\"0.1\" -DSTDC_HEADERS=1 -DHAVE_SYS_TYPES_H=1 -DHAVE_SYS_STAT_H=1 -DHAVE_STDLIB_H=1 -DHAVE_STRING_H=1 -DHAVE_MEMORY_H=1 -DHAVE_STRINGS_H=1 -DHAVE_INTTYPES_H=1 -DHAVE_STDINT_H=1 -DHAVE_UNISTD_H=1 -DHAVE_DLFCN_H=1 -DLT_OBJDIR=\".libs/\" -I.  -I.. -I/var/jenkins_home/dist_pkg/3rd/centos6/boost/include -DBOOST_ALL_DYN_LINK -I/var/jenkins_home/dist_pkg/3rd/centos6/rapidjson/include -DRAPIDJSON_HAS_STDSTRING -I/var/jenkins_home/dist_pkg/3rd/centos6/fmt/include -I/var/jenkins_home/dist_pkg/3rd/centos6/spdlog/include -DSPDLOG_FMT_EXTERNAL -I/var/jenkins_home/dist_pkg/3rd/centos6/disruptor/include -I/var/jenkins_home/dist_pkg/3rd/centos6/readerwriterqueue/include -I/var/jenkins_home/dist_pkg/3rd/centos6/googletest/include    -g -O2 -std=c++11 -MT unittest-MacroTest.o -MD -MP -MF .deps/unittest-MacroTest.Tpo -c -o unittest-MacroTest.o `test -f 'MacroTest.cc' || echo './'`MacroTest.cc
mv -f .deps/unittest-MacroTest.Tpo .deps/unittest-MacroTest.Po
g++ -DPACKAGE_NAME=\"soil\" -DPACKAGE_TARNAME=\"soil\" -DPACKAGE_VERSION=\"0.1\" -DPACKAGE_STRING=\"soil\ 0.1\" -DPACKAGE_BUGREPORT=\"lilinj2000@gmail.com\" -DPACKAGE=\"soil\" -DVERSION=\"0.1\" -DSTDC_HEADERS=1 -DHAVE_SYS_TYPES_H=1 -DHAVE_SYS_STAT_H=1 -DHAVE_STDLIB_H=1 -DHAVE_STRING_H=1 -DHAVE_MEMORY_H=1 -DHAVE_STRINGS_H=1 -DHAVE_INTTYPES_H=1 -DHAVE_STDINT_H=1 -DHAVE_UNISTD_H=1 -DHAVE_DLFCN_H=1 -DLT_OBJDIR=\".libs/\" -I.  -I.. -I/var/jenkins_home/dist_pkg/3rd/centos6/boost/include -DBOOST_ALL_DYN_LINK -I/var/jenkins_home/dist_pkg/3rd/centos6/rapidjson/include -DRAPIDJSON_HAS_STDSTRING -I/var/jenkins_home/dist_pkg/3rd/centos6/fmt/include -I/var/jenkins_home/dist_pkg/3rd/centos6/spdlog/include -DSPDLOG_FMT_EXTERNAL -I/var/jenkins_home/dist_pkg/3rd/centos6/disruptor/include -I/var/jenkins_home/dist_pkg/3rd/centos6/readerwriterqueue/include -I/var/jenkins_home/dist_pkg/3rd/centos6/googletest/include    -g -O2 -std=c++11 -MT unittest-DateTimeTest.o -MD -MP -MF .deps/unittest-DateTimeTest.Tpo -c -o unittest-DateTimeTest.o `test -f 'DateTimeTest.cc' || echo './'`DateTimeTest.cc
mv -f .deps/unittest-DateTimeTest.Tpo .deps/unittest-DateTimeTest.Po
g++ -DPACKAGE_NAME=\"soil\" -DPACKAGE_TARNAME=\"soil\" -DPACKAGE_VERSION=\"0.1\" -DPACKAGE_STRING=\"soil\ 0.1\" -DPACKAGE_BUGREPORT=\"lilinj2000@gmail.com\" -DPACKAGE=\"soil\" -DVERSION=\"0.1\" -DSTDC_HEADERS=1 -DHAVE_SYS_TYPES_H=1 -DHAVE_SYS_STAT_H=1 -DHAVE_STDLIB_H=1 -DHAVE_STRING_H=1 -DHAVE_MEMORY_H=1 -DHAVE_STRINGS_H=1 -DHAVE_INTTYPES_H=1 -DHAVE_STDINT_H=1 -DHAVE_UNISTD_H=1 -DHAVE_DLFCN_H=1 -DLT_OBJDIR=\".libs/\" -I.  -I.. -I/var/jenkins_home/dist_pkg/3rd/centos6/boost/include -DBOOST_ALL_DYN_LINK -I/var/jenkins_home/dist_pkg/3rd/centos6/rapidjson/include -DRAPIDJSON_HAS_STDSTRING -I/var/jenkins_home/dist_pkg/3rd/centos6/fmt/include -I/var/jenkins_home/dist_pkg/3rd/centos6/spdlog/include -DSPDLOG_FMT_EXTERNAL -I/var/jenkins_home/dist_pkg/3rd/centos6/disruptor/include -I/var/jenkins_home/dist_pkg/3rd/centos6/readerwriterqueue/include -I/var/jenkins_home/dist_pkg/3rd/centos6/googletest/include    -g -O2 -std=c++11 -MT unittest-StringTest.o -MD -MP -MF .deps/unittest-StringTest.Tpo -c -o unittest-StringTest.o `test -f 'StringTest.cc' || echo './'`StringTest.cc
mv -f .deps/unittest-StringTest.Tpo .deps/unittest-StringTest.Po
g++ -DPACKAGE_NAME=\"soil\" -DPACKAGE_TARNAME=\"soil\" -DPACKAGE_VERSION=\"0.1\" -DPACKAGE_STRING=\"soil\ 0.1\" -DPACKAGE_BUGREPORT=\"lilinj2000@gmail.com\" -DPACKAGE=\"soil\" -DVERSION=\"0.1\" -DSTDC_HEADERS=1 -DHAVE_SYS_TYPES_H=1 -DHAVE_SYS_STAT_H=1 -DHAVE_STDLIB_H=1 -DHAVE_STRING_H=1 -DHAVE_MEMORY_H=1 -DHAVE_STRINGS_H=1 -DHAVE_INTTYPES_H=1 -DHAVE_STDINT_H=1 -DHAVE_UNISTD_H=1 -DHAVE_DLFCN_H=1 -DLT_OBJDIR=\".libs/\" -I.  -I.. -I/var/jenkins_home/dist_pkg/3rd/centos6/boost/include -DBOOST_ALL_DYN_LINK -I/var/jenkins_home/dist_pkg/3rd/centos6/rapidjson/include -DRAPIDJSON_HAS_STDSTRING -I/var/jenkins_home/dist_pkg/3rd/centos6/fmt/include -I/var/jenkins_home/dist_pkg/3rd/centos6/spdlog/include -DSPDLOG_FMT_EXTERNAL -I/var/jenkins_home/dist_pkg/3rd/centos6/disruptor/include -I/var/jenkins_home/dist_pkg/3rd/centos6/readerwriterqueue/include -I/var/jenkins_home/dist_pkg/3rd/centos6/googletest/include    -g -O2 -std=c++11 -MT unittest-DemangleTest.o -MD -MP -MF .deps/unittest-DemangleTest.Tpo -c -o unittest-DemangleTest.o `test -f 'DemangleTest.cc' || echo './'`DemangleTest.cc
mv -f .deps/unittest-DemangleTest.Tpo .deps/unittest-DemangleTest.Po
g++ -DPACKAGE_NAME=\"soil\" -DPACKAGE_TARNAME=\"soil\" -DPACKAGE_VERSION=\"0.1\" -DPACKAGE_STRING=\"soil\ 0.1\" -DPACKAGE_BUGREPORT=\"lilinj2000@gmail.com\" -DPACKAGE=\"soil\" -DVERSION=\"0.1\" -DSTDC_HEADERS=1 -DHAVE_SYS_TYPES_H=1 -DHAVE_SYS_STAT_H=1 -DHAVE_STDLIB_H=1 -DHAVE_STRING_H=1 -DHAVE_MEMORY_H=1 -DHAVE_STRINGS_H=1 -DHAVE_INTTYPES_H=1 -DHAVE_STDINT_H=1 -DHAVE_UNISTD_H=1 -DHAVE_DLFCN_H=1 -DLT_OBJDIR=\".libs/\" -I.  -I.. -I/var/jenkins_home/dist_pkg/3rd/centos6/boost/include -DBOOST_ALL_DYN_LINK -I/var/jenkins_home/dist_pkg/3rd/centos6/rapidjson/include -DRAPIDJSON_HAS_STDSTRING -I/var/jenkins_home/dist_pkg/3rd/centos6/fmt/include -I/var/jenkins_home/dist_pkg/3rd/centos6/spdlog/include -DSPDLOG_FMT_EXTERNAL -I/var/jenkins_home/dist_pkg/3rd/centos6/disruptor/include -I/var/jenkins_home/dist_pkg/3rd/centos6/readerwriterqueue/include -I/var/jenkins_home/dist_pkg/3rd/centos6/googletest/include    -g -O2 -std=c++11 -MT unittest-hexdumpTest.o -MD -MP -MF .deps/unittest-hexdumpTest.Tpo -c -o unittest-hexdumpTest.o `test -f 'hexdumpTest.cc' || echo './'`hexdumpTest.cc
mv -f .deps/unittest-hexdumpTest.Tpo .deps/unittest-hexdumpTest.Po
/bin/sh ../libtool --tag=CXX   --mode=link g++  -g -O2 -std=c++11  -Wl,--no-as-needed -pthread -lrt  -o unittest unittest-JsonTest.o unittest-ReaderWriterQueueTest.o unittest-RingQueueTest.o unittest-LogTest.o unittest-STimerTest.o unittest-DataFileTest.o unittest-MacroTest.o unittest-DateTimeTest.o unittest-StringTest.o unittest-DemangleTest.o unittest-hexdumpTest.o /var/jenkins_home/dist_pkg/3rd/centos6/googletest/lib/libgtest.a /var/jenkins_home/dist_pkg/3rd/centos6/googletest/lib/libgtest_main.a ../libs/libsoil.la -L/var/jenkins_home/dist_pkg/3rd/centos6/fmt/lib -lfmt /var/jenkins_home/dist_pkg/3rd/centos6/boost/lib/libboost_filesystem.so 	      /var/jenkins_home/dist_pkg/3rd/centos6/boost/lib/libboost_regex.so 	      /var/jenkins_home/dist_pkg/3rd/centos6/boost/lib/libboost_system.so  
libtool: link: g++ -g -O2 -std=c++11 -Wl,--no-as-needed -pthread -o .libs/unittest unittest-JsonTest.o unittest-ReaderWriterQueueTest.o unittest-RingQueueTest.o unittest-LogTest.o unittest-STimerTest.o unittest-DataFileTest.o unittest-MacroTest.o unittest-DateTimeTest.o unittest-StringTest.o unittest-DemangleTest.o unittest-hexdumpTest.o /var/jenkins_home/dist_pkg/3rd/centos6/boost/lib/libboost_filesystem.so /var/jenkins_home/dist_pkg/3rd/centos6/boost/lib/libboost_regex.so /var/jenkins_home/dist_pkg/3rd/centos6/boost/lib/libboost_system.so  -lrt /var/jenkins_home/dist_pkg/3rd/centos6/googletest/lib/libgtest.a /var/jenkins_home/dist_pkg/3rd/centos6/googletest/lib/libgtest_main.a ../libs/.libs/libsoil.so -L/var/jenkins_home/dist_pkg/3rd/centos6/fmt/lib -lfmt -pthread -Wl,-rpath -Wl,/var/jenkins_home/dist_pkg/libs/centos6/soil/lib
make[2]: Leaving directory `/var/jenkins_home/workspace/soil_master-334BU6HP7ZUDNTUBIASDDTBNNUA6574M64EMF5MPSIEEUZV6SRLQ/utest'
make  check-TESTS
make[2]: Entering directory `/var/jenkins_home/workspace/soil_master-334BU6HP7ZUDNTUBIASDDTBNNUA6574M64EMF5MPSIEEUZV6SRLQ/utest'
Running main() from gtest_main.cc
[==========] Running 17 tests from 11 test cases.
[----------] Global test environment set-up.
[----------] 3 tests from JsonTest
[ RUN      ] JsonTest.getValueTest
[       OK ] JsonTest.getValueTest (0 ms)
[ RUN      ] JsonTest.escapeTest
[2017-12-29 18:59:03.346494] [debug] [JsonTest.cc line #69] s.GetString(): {"test":"123 \u0000 456"}
[2017-12-29 18:59:03.346656] [debug] [JsonTest.cc line #83] esp_test: 123 \u0000 456
[       OK ] JsonTest.escapeTest (27 ms)
[ RUN      ] JsonTest.writeValueTest
[2017-12-29 18:59:03.346705] [debug] [JsonTest.cc line #115] sb.GetString(): {
    "test1": "\u0000",
    "test2": "test test",
    "test3": false,
    "test4": 500,
    "test5": "12345",
    "test6": "ttttt",
    "test7": "ttttt",
    "test8": 100
}
[       OK ] JsonTest.writeValueTest (0 ms)
[----------] 3 tests from JsonTest (27 ms total)

[----------] 1 test from ReaderWriterQueueTest
[ RUN      ] ReaderWriterQueueTest.queueTest
[2017-12-29 18:59:03.373375] [info] [ReaderWriterQueueTest.cc line #22] onStart()
[2017-12-29 18:59:03.373405] [info] [ReaderWriterQueueTest.cc line #18] msgCallback() - msg: 0
[2017-12-29 18:59:03.373420] [info] [ReaderWriterQueueTest.cc line #18] msgCallback() - msg: 1
[2017-12-29 18:59:03.373435] [info] [ReaderWriterQueueTest.cc line #18] msgCallback() - msg: 2
[2017-12-29 18:59:03.373441] [info] [ReaderWriterQueueTest.cc line #18] msgCallback() - msg: 3
[2017-12-29 18:59:03.373447] [info] [ReaderWriterQueueTest.cc line #18] msgCallback() - msg: 4
[2017-12-29 18:59:03.373453] [info] [ReaderWriterQueueTest.cc line #18] msgCallback() - msg: 5
[2017-12-29 18:59:03.373459] [info] [ReaderWriterQueueTest.cc line #18] msgCallback() - msg: 6
[2017-12-29 18:59:03.373466] [info] [ReaderWriterQueueTest.cc line #18] msgCallback() - msg: 7
[2017-12-29 18:59:03.373472] [info] [ReaderWriterQueueTest.cc line #18] msgCallback() - msg: 8
[2017-12-29 18:59:03.373478] [info] [ReaderWriterQueueTest.cc line #18] msgCallback() - msg: 9
[2017-12-29 18:59:04.373572] [info] [ReaderWriterQueueTest.cc line #26] onStop()
[       OK ] ReaderWriterQueueTest.queueTest (1027 ms)
[----------] 1 test from ReaderWriterQueueTest (1027 ms total)

[----------] 1 test from RingQueueTest
[ RUN      ] RingQueueTest.allTest
[       OK ] RingQueueTest.allTest (0 ms)
[----------] 1 test from RingQueueTest (0 ms total)

[----------] 1 test from LogTest
[ RUN      ] LogTest.logTest
[2017-12-29 18:59:04.374224] [trace] [LogTest.cc line #36] This is a trace log
[2017-12-29 18:59:04.374249] [debug] [LogTest.cc line #37] This is a debug log
[2017-12-29 18:59:04.374263] [info] [LogTest.cc line #38] This is a info log
[2017-12-29 18:59:04.374272] [warning] [LogTest.cc line #39] This is a warn log
[2017-12-29 18:59:04.374280] [error] [LogTest.cc line #40] This is a error log
[2017-12-29 18:59:04.374288] [critical] [LogTest.cc line #41] This is a critical log
[2017-12-29 18:59:04.374296] [trace] [LogTest.cc line #43] This is a trace_if log
[2017-12-29 18:59:04.374304] [debug] [LogTest.cc line #44] This is a debug_if log
[2017-12-29 18:59:04.374311] [info] [LogTest.cc line #45] This is a info_if log
[2017-12-29 18:59:04.374319] [warning] [LogTest.cc line #46] This is a warn_if log
[2017-12-29 18:59:04.374327] [error] [LogTest.cc line #47] This is a error_if log
[2017-12-29 18:59:04.374334] [critical] [LogTest.cc line #48] This is a critical_if log
[2017-12-29 18:59:04.374342] [info] [LogTest.cc line #51] Point is (3.2, 4.5)
[2017-12-29 18:59:04.374398] [trace] [LogTest.cc line #53] TestBody()
[2017-12-29 18:59:04.374408] [debug] [LogTest.cc line #56] test_print: hello, print.
[2017-12-29 18:59:04.374417] [debug] [LogTest.cc line #59] &test: 100
[2017-12-29 18:59:04.374426] [debug] [LogTest.cc line #62] &tt: test pointer
[       OK ] LogTest.logTest (1 ms)
[----------] 1 test from LogTest (1 ms total)

[----------] 2 tests from STimerTest
[ RUN      ] STimerTest.wait2STest
[       OK ] STimerTest.wait2STest (2000 ms)
[ RUN      ] STimerTest.notifyTest
[       OK ] STimerTest.notifyTest (1000 ms)
[----------] 2 tests from STimerTest (3000 ms total)

[----------] 1 test from DataFileTest
[ RUN      ] DataFileTest.dataFileTest
[2017-12-29 18:59:07.375440] [trace] [DataFile.cc line #43] ~DataFile()
[2017-12-29 18:59:07.375433] [trace] [DataFile.cc line #17] onMsg()
[2017-12-29 18:59:07.375491] [trace] [DataFile.cc line #51] outData()
[2017-12-29 18:59:07.375505] [trace] [DataFileTest.cc line #22] writeToFile()
[2017-12-29 18:59:07.375517] [debug] [DataFileTest.cc line #24] x_: 1
[2017-12-29 18:59:07.375527] [debug] [DataFileTest.cc line #25] y_: 2
[2017-12-29 18:59:07.375564] [trace] [DataFile.cc line #17] onMsg()
[2017-12-29 18:59:07.375575] [trace] [DataFile.cc line #51] outData()
[2017-12-29 18:59:07.375584] [trace] [DataFileTest.cc line #22] writeToFile()
[2017-12-29 18:59:07.375593] [debug] [DataFileTest.cc line #24] x_: 2
[2017-12-29 18:59:07.375602] [debug] [DataFileTest.cc line #25] y_: 3
[       OK ] DataFileTest.dataFileTest (1000 ms)
[----------] 1 test from DataFileTest (1001 ms total)

[----------] 1 test from MacroTest
[ RUN      ] MacroTest.rangeForTest
Hello, world!
1 2 3 
2 3 4 
[       OK ] MacroTest.rangeForTest (0 ms)
[----------] 1 test from MacroTest (0 ms total)

[----------] 4 tests from DateTimeTest
[ RUN      ] DateTimeTest.dateTimeTest
2017-12-29 18:59:08.376151934
2017-12-29 18:59:08.376151934
[2017-12-29 18:59:08.376330] [debug] [DateTimeTest.cc line #24] cur time: 2017-12-29 18:59:08.376151934
2017-12-29 10:10:20.000000000
2015-11-18 00:00:00.000000000
2016-06-01 01:47:41.613184321
[       OK ] DateTimeTest.dateTimeTest (0 ms)
[ RUN      ] DateTimeTest.operatorTest
2017-12-29 18:59:08.376938849
2017-12-29 18:59:08.476938849
2017-12-29 18:59:28.476938849
2017-12-29 18:59:08.376983714
20099955135 nano seconds.
[       OK ] DateTimeTest.operatorTest (1 ms)
[ RUN      ] DateTimeTest.getStringTest
[       OK ] DateTimeTest.getStringTest (0 ms)
[ RUN      ] DateTimeTest.nowTest
[       OK ] DateTimeTest.nowTest (0 ms)
[----------] 4 tests from DateTimeTest (1 ms total)

[----------] 1 test from StringTest
[ RUN      ] StringTest.splitTest
set:
Hello world 
vec:
Hello world 
[       OK ] StringTest.splitTest (0 ms)
[----------] 1 test from StringTest (0 ms total)

[----------] 1 test from DemangleTest
[ RUN      ] DemangleTest.demangleTest
[       OK ] DemangleTest.demangleTest (49 ms)
[----------] 1 test from DemangleTest (49 ms total)

[----------] 1 test from HexdumpTest
[ RUN      ] HexdumpTest.allTest
[2017-12-29 18:59:08.426380] [info] [hexdumpTest.cc line #15] allTest
  0000  61 66 61 6a 66 70 61 73 64 6a 66 64 6f 66 6a 32  afajfpasdjfdofj2
  0010  33 34 32 33 34 32 33 61 73 66 61 66 6f 65 72 69  3423423asfafoeri

[2017-12-29 18:59:08.426447] [info] [hexdumpTest.cc line #20] allTest
  0000  67 45 8b 6b c6 23 7b 32 69 98 3c 64 73 48 33 66  gE.k.#{2i.<dsH3f
  0010  51 dc b0 74 ff 5c 49 19 4a 94 e8 2a ec 58 55 62  Q..t.\I.J..*.XUb
  0020  29 1f 8e 23 cd 7c e8 46 ba 58 1b 3d ab d7 7e 50  )..#.|.F.X.=..~P
  0030  f2 41 b1 2e fb 1e b7 41 e3 a9 e2 79 46 e1 45 75  .A.....A...yF.Eu
  0040  7c 00 5f 51 c2 62 d0 5b 54 08 20 12 f8 27 b1 4d  |._Q.b.[T. ..'.M
  0050  1b 23 16 02 e8 e9 16 1f e7 cd 90 11 8d 43 ef 66  .#...........C.f
  0060  76 0f 0e 14                                      v...

[       OK ] HexdumpTest.allTest (0 ms)
[----------] 1 test from HexdumpTest (0 ms total)

[----------] Global test environment tear-down
[==========] 17 tests from 11 test cases ran. (5111 ms total)
[  PASSED  ] 17 tests.
PASS: unittest.sh
=============
1 test passed
=============
make[2]: Leaving directory `/var/jenkins_home/workspace/soil_master-334BU6HP7ZUDNTUBIASDDTBNNUA6574M64EMF5MPSIEEUZV6SRLQ/utest'
make[1]: Leaving directory `/var/jenkins_home/workspace/soil_master-334BU6HP7ZUDNTUBIASDDTBNNUA6574M64EMF5MPSIEEUZV6SRLQ/utest'
make[1]: Entering directory `/var/jenkins_home/workspace/soil_master-334BU6HP7ZUDNTUBIASDDTBNNUA6574M64EMF5MPSIEEUZV6SRLQ'
make[1]: Nothing to be done for `check-am'.
make[1]: Leaving directory `/var/jenkins_home/workspace/soil_master-334BU6HP7ZUDNTUBIASDDTBNNUA6574M64EMF5MPSIEEUZV6SRLQ'
