Cloning the remote Git repository
Cloning with configured refspecs honoured and without tags
Cloning repository https://github.com/lilinj2000/spdlog.git
 > git init /var/jenkins_home/workspace/spdlog_master-JA6K4SBU2PPLDBGMPO7AD5NYMJ4EZLUX7OU7WOHEWORAZITBQGMQ # timeout=10
Fetching upstream changes from https://github.com/lilinj2000/spdlog.git
 > git --version # timeout=10
using GIT_ASKPASS to set credentials GitHub Access Token
 > git fetch --no-tags --progress https://github.com/lilinj2000/spdlog.git +refs/heads/master:refs/remotes/origin/master
 > git config remote.origin.url https://github.com/lilinj2000/spdlog.git # timeout=10
 > git config --add remote.origin.fetch +refs/heads/master:refs/remotes/origin/master # timeout=10
 > git config remote.origin.url https://github.com/lilinj2000/spdlog.git # timeout=10
Fetching without tags
Fetching upstream changes from https://github.com/lilinj2000/spdlog.git
using GIT_ASKPASS to set credentials GitHub Access Token
 > git fetch --no-tags --progress https://github.com/lilinj2000/spdlog.git +refs/heads/master:refs/remotes/origin/master
Checking out Revision d031dcf9946d22c995190db0c32a82cb87a4af72 (master)
 > git config core.sparsecheckout # timeout=10
 > git checkout -f d031dcf9946d22c995190db0c32a82cb87a4af72
Commit message: "update images for Jenkinsfile"
 > git rev-list --no-walk 73d4ab4b2dc36d1dd3f8c8d959f05c922e25805f # timeout=10
