Cloning the remote Git repository
Cloning with configured refspecs honoured and without tags
Cloning repository https://github.com/lilinj2000/soil.git
 > git init /opt/jenkins/data/workspace/soil_master-334BU6HP7ZUDNTUBIASDDTBNNUA6574M64EMF5MPSIEEUZV6SRLQ # timeout=10
Fetching upstream changes from https://github.com/lilinj2000/soil.git
 > git --version # timeout=10
using GIT_ASKPASS to set credentials GitHub Access Token
 > git fetch --no-tags --progress https://github.com/lilinj2000/soil.git +refs/heads/master:refs/remotes/origin/master
 > git config remote.origin.url https://github.com/lilinj2000/soil.git # timeout=10
 > git config --add remote.origin.fetch +refs/heads/master:refs/remotes/origin/master # timeout=10
 > git config remote.origin.url https://github.com/lilinj2000/soil.git # timeout=10
Fetching without tags
Fetching upstream changes from https://github.com/lilinj2000/soil.git
using GIT_ASKPASS to set credentials GitHub Access Token
 > git fetch --no-tags --progress https://github.com/lilinj2000/soil.git +refs/heads/master:refs/remotes/origin/master
Checking out Revision b1036356b2c1cafbb9c4f15f04759e1526e4f0b6 (master)
 > git config core.sparsecheckout # timeout=10
 > git checkout -f b1036356b2c1cafbb9c4f15f04759e1526e4f0b6
Commit message: "Added Jenkinsfile"
First time build. Skipping changelog.
