[jetta_master-TVDQF527N7RVLUAO5AATZ75HAZA24WSTLSE4ZF2XJ2CAPBCDGS2A] Running shell script
+ env
JENKINS_HOME=/var/jenkins_home
JENKINS_UC_EXPERIMENTAL=https://updates.jenkins.io/experimental
JAVA_ALPINE_VERSION=8.151.12-r0
RUN_CHANGES_DISPLAY_URL=http://192.168.1.166:32770/job/jetta/job/master/12/display/redirect?page=changes
HOSTNAME=4166235b2a8f
LD_LIBRARY_PATH=/usr/lib/jvm/java-1.8-openjdk/jre/lib/amd64/server:/usr/lib/jvm/java-1.8-openjdk/jre/lib/amd64:/usr/lib/jvm/java-1.8-openjdk/jre/../lib/amd64
SHLVL=2
NODE_LABELS=master
HUDSON_URL=http://192.168.1.166:32770/
HOME=/root
BUILD_URL=http://192.168.1.166:32770/job/jetta/job/master/12/
HUDSON_COOKIE=350dc213-8bd9-424d-8209-85ac65bd06c3
SONAR_HOST_URL=http://sonarqube:9000
JENKINS_SERVER_COOKIE=durable-40e5eba32c53ecd709681a4a155d24ec
JENKINS_UC=https://updates.jenkins.io
WORKSPACE=/var/jenkins_home/workspace/jetta_master-TVDQF527N7RVLUAO5AATZ75HAZA24WSTLSE4ZF2XJ2CAPBCDGS2A
JAVA_VERSION=8u151
NODE_NAME=master
STAGE_NAME=SonarQube analysis
EXECUTOR_NUMBER=0
TINI_SHA=6c41ec7d33e857d4779f14d9c74924cab0c7973485d2972419a3b7c7620ff5fd
SONAR_CONFIG_NAME=SonarQube
BUILD_DISPLAY_NAME=#12
JENKINS_VERSION=2.89.2
HUDSON_HOME=/var/jenkins_home
JOB_BASE_NAME=master
SONARQUBE_SCANNER_PARAMS={ "sonar.host.url" : "http:\/\/sonarqube:9000", "sonar.login" : "******"}
PATH=/usr/local/sbin:/usr/local/bin:/usr/sbin:/usr/bin:/sbin:/bin:/usr/lib/jvm/java-1.8-openjdk/jre/bin:/usr/lib/jvm/java-1.8-openjdk/bin
SONAR_AUTH_TOKEN=******
BUILD_ID=12
BUILD_TAG=jenkins-jetta-master-12
JENKINS_URL=http://192.168.1.166:32770/
LANG=C.UTF-8
JOB_URL=http://192.168.1.166:32770/job/jetta/job/master/
BUILD_NUMBER=12
JENKINS_NODE_COOKIE=13020190-bcf9-44a7-9393-2ea361aea58a
XFILESEARCHPATH=/usr/dt/app-defaults/%L/Dt
RUN_DISPLAY_URL=http://192.168.1.166:32770/job/jetta/job/master/12/display/redirect
JENKINS_SLAVE_AGENT_PORT=50000
HUDSON_SERVER_COOKIE=38b9b9ff056fcf1b
JOB_DISPLAY_URL=http://192.168.1.166:32770/job/jetta/job/master/display/redirect
NLSPATH=/usr/dt/lib/nls/msg/%L/%N.cat
JOB_NAME=jetta/master
COPY_REFERENCE_FILE_LOG=/var/jenkins_home/copy_reference_file.log
PWD=/var/jenkins_home/workspace/jetta_master-TVDQF527N7RVLUAO5AATZ75HAZA24WSTLSE4ZF2XJ2CAPBCDGS2A
JAVA_HOME=/usr/lib/jvm/java-1.8-openjdk
TINI_VERSION=0.14.0
TZ=Asia/Shanghai
SONAR_MAVEN_GOAL=sonar:sonar
BRANCH_NAME=master
