[boost_1_58_0_master-7LKKWBGSO4USJ7QUMH3ECSJUSX6OGASR7HC47BL6SVNRCSTZZBIA] Running shell script
++ uname -sr
++ sed '--e=s/ /\//'
+ kernel=Linux/3.10.0-327.el7.x86_64
+ ./bootstrap.sh --prefix=/opt/jenkins/data/3rd/Linux/3.10.0-327.el7.x86_64/boost
Building Boost.Build engine with toolset gcc... tools/build/src/engine/bin.linuxx86_64/b2
Detecting Python version... 2.7
Detecting Python root... /usr/local
Unicode/ICU support for Boost.Regex?... not found.
Backing up existing Boost.Build configuration in project-config.jam.3
Generating Boost.Build configuration in project-config.jam...

Bootstrapping is done. To build, run:

    ./b2
    
To adjust configuration, edit 'project-config.jam'.
Further information:

   - Command line help:
     ./b2 --help
     
   - Getting started guide: 
     http://www.boost.org/more/getting_started/unix-variants.html
     
   - Boost.Build documentation:
     http://www.boost.org/build/doc/html/index.html

+ ./b2 cxxflags=-std=c++11
Performing configuration checks

    - 32-bit                   : no  (cached)
    - 64-bit                   : yes (cached)
    - arm                      : no  (cached)
    - mips1                    : no  (cached)
    - power                    : no  (cached)
    - sparc                    : no  (cached)
    - x86                      : yes (cached)

Building the Boost C++ Libraries.


    - lockfree boost::atomic_flag : yes (cached)
    - has_icu builds           : no  (cached)
warning: Graph library does not contain MPI-based parallel components.
note: to enable them, add "using mpi ;" to your user-config.jam
    - zlib                     : yes (cached)
    - iconv (libc)             : yes (cached)
    - icu                      : no  (cached)
    - icu (lib64)              : no  (cached)
    - compiler-supports-ssse3  : yes (cached)
    - compiler-supports-avx2   : yes (cached)
    - gcc visibility           : yes (cached)
    - long double support      : yes (cached)
warning: skipping optional Message Passing Interface (MPI) library.
note: to enable MPI support, add "using mpi ;" to user-config.jam.
note: to suppress this message, pass "--without-mpi" to bjam.
note: otherwise, you can safely ignore this message.
    - zlib                     : yes (cached)

Component configuration:

    - atomic                   : building
    - chrono                   : building
    - container                : building
    - context                  : building
    - coroutine                : building
    - date_time                : building
    - exception                : building
    - filesystem               : building
    - graph                    : building
    - graph_parallel           : building
    - iostreams                : building
    - locale                   : building
    - log                      : building
    - math                     : building
    - mpi                      : building
    - program_options          : building
    - python                   : building
    - random                   : building
    - regex                    : building
    - serialization            : building
    - signals                  : building
    - system                   : building
    - test                     : building
    - thread                   : building
    - timer                    : building
    - wave                     : building

...patience...
...patience...
...patience...
...patience...
...patience...
...found 11830 targets...


The Boost C++ Libraries were successfully built!

The following directory should be added to compiler include paths:

    /opt/jenkins/data/workspace/boost_1_58_0_master-7LKKWBGSO4USJ7QUMH3ECSJUSX6OGASR7HC47BL6SVNRCSTZZBIA

The following directory should be added to linker library paths:

    /opt/jenkins/data/workspace/boost_1_58_0_master-7LKKWBGSO4USJ7QUMH3ECSJUSX6OGASR7HC47BL6SVNRCSTZZBIA/stage/lib

