[cata_master-LYKSODBV72IVUGKMTUFO2DAIGQNZRKPZGDHNB25KLSQHJZTM7OWA] Running shell script
+ make install
Making install in cata
make[1]: Entering directory `/var/jenkins_home/workspace/cata_master-LYKSODBV72IVUGKMTUFO2DAIGQNZRKPZGDHNB25KLSQHJZTM7OWA/cata'
make[2]: Entering directory `/var/jenkins_home/workspace/cata_master-LYKSODBV72IVUGKMTUFO2DAIGQNZRKPZGDHNB25KLSQHJZTM7OWA/cata'
make[2]: Nothing to be done for `install-exec-am'.
test -z "/var/jenkins_home/dist_pkg/libs/centos6/cata/include/cata" || /bin/mkdir -p "/var/jenkins_home/dist_pkg/libs/centos6/cata/include/cata"
 /usr/bin/install -c -m 644 md_service.h trader_service.h '/var/jenkins_home/dist_pkg/libs/centos6/cata/include/cata'
test -z "/var/jenkins_home/dist_pkg/libs/centos6/cata/include" || /bin/mkdir -p "/var/jenkins_home/dist_pkg/libs/centos6/cata/include"
make[2]: Leaving directory `/var/jenkins_home/workspace/cata_master-LYKSODBV72IVUGKMTUFO2DAIGQNZRKPZGDHNB25KLSQHJZTM7OWA/cata'
make[1]: Leaving directory `/var/jenkins_home/workspace/cata_master-LYKSODBV72IVUGKMTUFO2DAIGQNZRKPZGDHNB25KLSQHJZTM7OWA/cata'
Making install in service
make[1]: Entering directory `/var/jenkins_home/workspace/cata_master-LYKSODBV72IVUGKMTUFO2DAIGQNZRKPZGDHNB25KLSQHJZTM7OWA/service'
make[2]: Entering directory `/var/jenkins_home/workspace/cata_master-LYKSODBV72IVUGKMTUFO2DAIGQNZRKPZGDHNB25KLSQHJZTM7OWA/service'
test -z "/var/jenkins_home/dist_pkg/libs/centos6/cata/lib" || /bin/mkdir -p "/var/jenkins_home/dist_pkg/libs/centos6/cata/lib"
 /bin/sh ../libtool   --mode=install /usr/bin/install -c   libcata_md.la libcata_trader.la '/var/jenkins_home/dist_pkg/libs/centos6/cata/lib'
libtool: install: /usr/bin/install -c .libs/libcata_md-0.1.so.0.0.1 /var/jenkins_home/dist_pkg/libs/centos6/cata/lib/libcata_md-0.1.so.0.0.1
libtool: install: (cd /var/jenkins_home/dist_pkg/libs/centos6/cata/lib && { ln -s -f libcata_md-0.1.so.0.0.1 libcata_md-0.1.so.0 || { rm -f libcata_md-0.1.so.0 && ln -s libcata_md-0.1.so.0.0.1 libcata_md-0.1.so.0; }; })
libtool: install: (cd /var/jenkins_home/dist_pkg/libs/centos6/cata/lib && { ln -s -f libcata_md-0.1.so.0.0.1 libcata_md.so || { rm -f libcata_md.so && ln -s libcata_md-0.1.so.0.0.1 libcata_md.so; }; })
libtool: install: /usr/bin/install -c .libs/libcata_md.lai /var/jenkins_home/dist_pkg/libs/centos6/cata/lib/libcata_md.la
libtool: install: /usr/bin/install -c .libs/libcata_trader-0.1.so.0.0.1 /var/jenkins_home/dist_pkg/libs/centos6/cata/lib/libcata_trader-0.1.so.0.0.1
libtool: install: (cd /var/jenkins_home/dist_pkg/libs/centos6/cata/lib && { ln -s -f libcata_trader-0.1.so.0.0.1 libcata_trader-0.1.so.0 || { rm -f libcata_trader-0.1.so.0 && ln -s libcata_trader-0.1.so.0.0.1 libcata_trader-0.1.so.0; }; })
libtool: install: (cd /var/jenkins_home/dist_pkg/libs/centos6/cata/lib && { ln -s -f libcata_trader-0.1.so.0.0.1 libcata_trader.so || { rm -f libcata_trader.so && ln -s libcata_trader-0.1.so.0.0.1 libcata_trader.so; }; })
libtool: install: /usr/bin/install -c .libs/libcata_trader.lai /var/jenkins_home/dist_pkg/libs/centos6/cata/lib/libcata_trader.la
libtool: install: /usr/bin/install -c .libs/libcata_md.a /var/jenkins_home/dist_pkg/libs/centos6/cata/lib/libcata_md.a
libtool: install: chmod 644 /var/jenkins_home/dist_pkg/libs/centos6/cata/lib/libcata_md.a
libtool: install: ranlib /var/jenkins_home/dist_pkg/libs/centos6/cata/lib/libcata_md.a
libtool: install: /usr/bin/install -c .libs/libcata_trader.a /var/jenkins_home/dist_pkg/libs/centos6/cata/lib/libcata_trader.a
libtool: install: chmod 644 /var/jenkins_home/dist_pkg/libs/centos6/cata/lib/libcata_trader.a
libtool: install: ranlib /var/jenkins_home/dist_pkg/libs/centos6/cata/lib/libcata_trader.a
libtool: finish: PATH="/opt/rh/devtoolset-2/root/usr/bin:/usr/local/sbin:/usr/local/bin:/usr/sbin:/usr/bin:/sbin:/bin:/sbin" ldconfig -n /var/jenkins_home/dist_pkg/libs/centos6/cata/lib
----------------------------------------------------------------------
Libraries have been installed in:
   /var/jenkins_home/dist_pkg/libs/centos6/cata/lib

If you ever happen to want to link against installed libraries
in a given directory, LIBDIR, you must either use libtool, and
specify the full pathname of the library, or use the `-LLIBDIR'
flag during linking and do at least one of the following:
   - add LIBDIR to the `LD_LIBRARY_PATH' environment variable
     during execution
   - add LIBDIR to the `LD_RUN_PATH' environment variable
     during linking
   - use the `-Wl,-rpath -Wl,LIBDIR' linker flag
   - have your system administrator add LIBDIR to `/etc/ld.so.conf'

See any operating system documentation about shared libraries for
more information, such as the ld(1) and ld.so(8) manual pages.
----------------------------------------------------------------------
make[2]: Nothing to be done for `install-data-am'.
make[2]: Leaving directory `/var/jenkins_home/workspace/cata_master-LYKSODBV72IVUGKMTUFO2DAIGQNZRKPZGDHNB25KLSQHJZTM7OWA/service'
make[1]: Leaving directory `/var/jenkins_home/workspace/cata_master-LYKSODBV72IVUGKMTUFO2DAIGQNZRKPZGDHNB25KLSQHJZTM7OWA/service'
Making install in utest
make[1]: Entering directory `/var/jenkins_home/workspace/cata_master-LYKSODBV72IVUGKMTUFO2DAIGQNZRKPZGDHNB25KLSQHJZTM7OWA/utest'
make[2]: Entering directory `/var/jenkins_home/workspace/cata_master-LYKSODBV72IVUGKMTUFO2DAIGQNZRKPZGDHNB25KLSQHJZTM7OWA/utest'
make[3]: Entering directory `/var/jenkins_home/workspace/cata_master-LYKSODBV72IVUGKMTUFO2DAIGQNZRKPZGDHNB25KLSQHJZTM7OWA/utest'
make[3]: Nothing to be done for `install-exec-am'.
make[3]: Nothing to be done for `install-data-am'.
make[3]: Leaving directory `/var/jenkins_home/workspace/cata_master-LYKSODBV72IVUGKMTUFO2DAIGQNZRKPZGDHNB25KLSQHJZTM7OWA/utest'
make[2]: Leaving directory `/var/jenkins_home/workspace/cata_master-LYKSODBV72IVUGKMTUFO2DAIGQNZRKPZGDHNB25KLSQHJZTM7OWA/utest'
make[1]: Leaving directory `/var/jenkins_home/workspace/cata_master-LYKSODBV72IVUGKMTUFO2DAIGQNZRKPZGDHNB25KLSQHJZTM7OWA/utest'
make[1]: Entering directory `/var/jenkins_home/workspace/cata_master-LYKSODBV72IVUGKMTUFO2DAIGQNZRKPZGDHNB25KLSQHJZTM7OWA'
make[2]: Entering directory `/var/jenkins_home/workspace/cata_master-LYKSODBV72IVUGKMTUFO2DAIGQNZRKPZGDHNB25KLSQHJZTM7OWA'
make[2]: Nothing to be done for `install-exec-am'.
make[2]: Nothing to be done for `install-data-am'.
make[2]: Leaving directory `/var/jenkins_home/workspace/cata_master-LYKSODBV72IVUGKMTUFO2DAIGQNZRKPZGDHNB25KLSQHJZTM7OWA'
make[1]: Leaving directory `/var/jenkins_home/workspace/cata_master-LYKSODBV72IVUGKMTUFO2DAIGQNZRKPZGDHNB25KLSQHJZTM7OWA'
