[jetta_master-TVDQF527N7RVLUAO5AATZ75HAZA24WSTLSE4ZF2XJ2CAPBCDGS2A] Running shell script
+ ./configure
checking for a BSD-compatible install... /usr/bin/install -c
checking whether build environment is sane... yes
checking for a thread-safe mkdir -p... /bin/mkdir -p
checking for gawk... gawk
checking whether make sets $(MAKE)... yes
checking for g++... g++
checking for C++ compiler default output file name... a.out
checking whether the C++ compiler works... yes
checking whether we are cross compiling... no
checking for suffix of executables... 
checking for suffix of object files... o
checking whether we are using the GNU C++ compiler... yes
checking whether g++ accepts -g... yes
checking for style of include used by make... GNU
checking dependency style of g++... gcc3
checking for gcc... gcc
checking whether we are using the GNU C compiler... yes
checking whether gcc accepts -g... yes
checking for gcc option to accept ISO C89... none needed
checking dependency style of gcc... gcc3
checking build system type... x86_64-unknown-linux-gnu
checking host system type... x86_64-unknown-linux-gnu
checking for a sed that does not truncate output... /bin/sed
checking for grep that handles long lines and -e... /bin/grep
checking for egrep... /bin/grep -E
checking for fgrep... /bin/grep -F
checking for ld used by gcc... /opt/rh/devtoolset-2/root/usr/libexec/gcc/x86_64-redhat-linux/4.8.2/ld
checking if the linker (/opt/rh/devtoolset-2/root/usr/libexec/gcc/x86_64-redhat-linux/4.8.2/ld) is GNU ld... yes
checking for BSD- or MS-compatible name lister (nm)... /opt/rh/devtoolset-2/root/usr/bin/nm -B
checking the name lister (/opt/rh/devtoolset-2/root/usr/bin/nm -B) interface... BSD nm
checking whether ln -s works... yes
checking the maximum length of command line arguments... 1572864
checking whether the shell understands some XSI constructs... yes
checking whether the shell understands "+="... yes
checking for /opt/rh/devtoolset-2/root/usr/libexec/gcc/x86_64-redhat-linux/4.8.2/ld option to reload object files... -r
checking for objdump... objdump
checking how to recognize dependent libraries... pass_all
checking for ar... ar
checking for strip... strip
checking for ranlib... ranlib
checking command to parse /opt/rh/devtoolset-2/root/usr/bin/nm -B output from gcc object... ok
checking how to run the C preprocessor... gcc -E
checking for ANSI C header files... yes
checking for sys/types.h... yes
checking for sys/stat.h... yes
checking for stdlib.h... yes
checking for string.h... yes
checking for memory.h... yes
checking for strings.h... yes
checking for inttypes.h... yes
checking for stdint.h... yes
checking for unistd.h... yes
checking for dlfcn.h... yes
checking whether we are using the GNU C++ compiler... (cached) yes
checking whether g++ accepts -g... (cached) yes
checking dependency style of g++... (cached) gcc3
checking how to run the C++ preprocessor... g++ -E
checking for objdir... .libs
checking if gcc supports -fno-rtti -fno-exceptions... no
checking for gcc option to produce PIC... -fPIC -DPIC
checking if gcc PIC flag -fPIC -DPIC works... yes
checking if gcc static flag -static works... no
checking if gcc supports -c -o file.o... yes
checking if gcc supports -c -o file.o... (cached) yes
checking whether the gcc linker (/opt/rh/devtoolset-2/root/usr/libexec/gcc/x86_64-redhat-linux/4.8.2/ld -m elf_x86_64) supports shared libraries... yes
checking whether -lc should be explicitly linked in... no
checking dynamic linker characteristics... GNU/Linux ld.so
checking how to hardcode library paths into programs... immediate
checking whether stripping libraries is possible... yes
checking if libtool supports shared libraries... yes
checking whether to build shared libraries... yes
checking whether to build static libraries... yes
checking for ld used by g++... /opt/rh/devtoolset-2/root/usr/libexec/gcc/x86_64-redhat-linux/4.8.2/ld -m elf_x86_64
checking if the linker (/opt/rh/devtoolset-2/root/usr/libexec/gcc/x86_64-redhat-linux/4.8.2/ld -m elf_x86_64) is GNU ld... yes
checking whether the g++ linker (/opt/rh/devtoolset-2/root/usr/libexec/gcc/x86_64-redhat-linux/4.8.2/ld -m elf_x86_64) supports shared libraries... yes
checking for g++ option to produce PIC... -fPIC -DPIC
checking if g++ PIC flag -fPIC -DPIC works... yes
checking if g++ static flag -static works... no
checking if g++ supports -c -o file.o... yes
checking if g++ supports -c -o file.o... (cached) yes
checking whether the g++ linker (/opt/rh/devtoolset-2/root/usr/libexec/gcc/x86_64-redhat-linux/4.8.2/ld -m elf_x86_64) supports shared libraries... yes
checking dynamic linker characteristics... GNU/Linux ld.so
checking how to hardcode library paths into programs... immediate
checking for ranlib... (cached) ranlib
checking whether g++ supports C++11 features by default... no
checking whether g++ supports C++11 features with -std=c++11... yes
configure: creating ./config.status
config.status: creating Makefile
config.status: creating src/Makefile
config.status: executing depfiles commands
config.status: executing libtool commands
+ make
Making all in src
make[1]: Entering directory `/opt/jenkins/data/workspace/jetta_master-TVDQF527N7RVLUAO5AATZ75HAZA24WSTLSE4ZF2XJ2CAPBCDGS2A/src'
make[1]: Nothing to be done for `all'.
make[1]: Leaving directory `/opt/jenkins/data/workspace/jetta_master-TVDQF527N7RVLUAO5AATZ75HAZA24WSTLSE4ZF2XJ2CAPBCDGS2A/src'
make[1]: Entering directory `/opt/jenkins/data/workspace/jetta_master-TVDQF527N7RVLUAO5AATZ75HAZA24WSTLSE4ZF2XJ2CAPBCDGS2A'
make[1]: Nothing to be done for `all-am'.
make[1]: Leaving directory `/opt/jenkins/data/workspace/jetta_master-TVDQF527N7RVLUAO5AATZ75HAZA24WSTLSE4ZF2XJ2CAPBCDGS2A'
+ env
JENKINS_NODE_COOKIE=83ba7ba1-ed93-4397-9ea0-a7bd5e2a79ae
BUILD_URL=http://192.168.1.166:32770/job/jetta/job/master/4/
HOSTNAME=jenkins
HUDSON_SERVER_COOKIE=bc5a572d6e3ddea2
STAGE_NAME=build
BUILD_TAG=jenkins-jetta-master-4
BRANCH_NAME=master
JOB_URL=http://192.168.1.166:32770/job/jetta/job/master/
WORKSPACE=/opt/jenkins/data/workspace/jetta_master-TVDQF527N7RVLUAO5AATZ75HAZA24WSTLSE4ZF2XJ2CAPBCDGS2A
RUN_CHANGES_DISPLAY_URL=http://192.168.1.166:32770/job/jetta/job/master/4/display/redirect?page=changes
JENKINS_HOME=/opt/jenkins/data
NLSPATH=/usr/dt/lib/nls/msg/%L/%N.cat
PATH=/opt/rh/devtoolset-2/root/usr/bin:/usr/local/sbin:/usr/local/bin:/usr/sbin:/usr/bin:/sbin:/bin
RUN_DISPLAY_URL=http://192.168.1.166:32770/job/jetta/job/master/4/display/redirect
REFRESHED_AT=2017-12-21
PWD=/opt/jenkins/data/workspace/jetta_master-TVDQF527N7RVLUAO5AATZ75HAZA24WSTLSE4ZF2XJ2CAPBCDGS2A
HUDSON_URL=http://192.168.1.166:32770/
JOB_NAME=jetta/master
TZ=Asia/Shanghai
XFILESEARCHPATH=/usr/dt/app-defaults/%L/Dt
BUILD_DISPLAY_NAME=#4
BUILD_ID=4
JENKINS_URL=http://192.168.1.166:32770/
JOB_BASE_NAME=master
HOME=/root
SHLVL=2
EXECUTOR_NUMBER=1
JENKINS_SERVER_COOKIE=durable-bb46bc6f59c0d7b194b5b9e7a2c6b043
NODE_LABELS=master
HUDSON_HOME=/opt/jenkins/data
NODE_NAME=master
BUILD_NUMBER=4
JOB_DISPLAY_URL=http://192.168.1.166:32770/job/jetta/job/master/display/redirect
HUDSON_COOKIE=e3a56048-1276-499e-923a-a160d61c47c1
_=/usr/bin/env
