Cloning the remote Git repository
Cloning with configured refspecs honoured and without tags
Cloning repository https://github.com/lilinj2000/boost_1_66_0.git
 > git init /var/jenkins_home/workspace/boost_1_66_0_master-OFIYRAACKBC5HUMCQWTLXA264DUPYVW5HCJ3FMF7UPCUQ2LE2RAQ # timeout=10
Fetching upstream changes from https://github.com/lilinj2000/boost_1_66_0.git
 > git --version # timeout=10
using GIT_ASKPASS to set credentials GitHub Access Token
 > git fetch --no-tags --progress https://github.com/lilinj2000/boost_1_66_0.git +refs/heads/master:refs/remotes/origin/master
 > git config remote.origin.url https://github.com/lilinj2000/boost_1_66_0.git # timeout=10
 > git config --add remote.origin.fetch +refs/heads/master:refs/remotes/origin/master # timeout=10
 > git config remote.origin.url https://github.com/lilinj2000/boost_1_66_0.git # timeout=10
Fetching without tags
Fetching upstream changes from https://github.com/lilinj2000/boost_1_66_0.git
using GIT_ASKPASS to set credentials GitHub Access Token
 > git fetch --no-tags --progress https://github.com/lilinj2000/boost_1_66_0.git +refs/heads/master:refs/remotes/origin/master
Checking out Revision 1380949c6ce60e2d15cb8aefc138b6a017433657 (master)
 > git config core.sparsecheckout # timeout=10
 > git checkout -f 1380949c6ce60e2d15cb8aefc138b6a017433657
Commit message: "add Jenkinsfile."
First time build. Skipping changelog.
