Cloning the remote Git repository
Cloning with configured refspecs honoured and without tags
Cloning repository https://github.com/lilinj2000/soil.git
 > git init /var/jenkins_home/workspace/soil_master-334BU6HP7ZUDNTUBIASDDTBNNUA6574M64EMF5MPSIEEUZV6SRLQ # timeout=10
Fetching upstream changes from https://github.com/lilinj2000/soil.git
 > git --version # timeout=10
using GIT_ASKPASS to set credentials GitHub Access Token
 > git fetch --no-tags --progress https://github.com/lilinj2000/soil.git +refs/heads/master:refs/remotes/origin/master
 > git config remote.origin.url https://github.com/lilinj2000/soil.git # timeout=10
 > git config --add remote.origin.fetch +refs/heads/master:refs/remotes/origin/master # timeout=10
 > git config remote.origin.url https://github.com/lilinj2000/soil.git # timeout=10
Fetching without tags
Fetching upstream changes from https://github.com/lilinj2000/soil.git
using GIT_ASKPASS to set credentials GitHub Access Token
 > git fetch --no-tags --progress https://github.com/lilinj2000/soil.git +refs/heads/master:refs/remotes/origin/master
Checking out Revision d8a0e2e8472a5eb6393ddca54392c4c369feceac (master)
 > git config core.sparsecheckout # timeout=10
 > git checkout -f d8a0e2e8472a5eb6393ddca54392c4c369feceac
Commit message: "git-hooks be supported."
 > git rev-list --no-walk f611e08ceb499543b95bf384f1b8f90c4040dcc1 # timeout=10
