[fmt_master-XTBSYUAIIXSHVVV5ZA73O4ZWW7274XNZLZTOFGWNUYRNE75UCXDA] Running shell script
+ cd build
+ make install
[ 12%] Built target fmt
[ 16%] Built target gmock
[ 25%] Built target test-main
[ 29%] Built target assert-test
[ 32%] Built target container-test
[ 35%] Built target custom-formatter-test
[ 38%] Built target format-impl-test
[ 41%] Built target format-test
[ 45%] Built target gtest-extra-test
[ 54%] Built target header-only-test
[ 58%] Built target macro-test
[ 61%] Built target noexception-test
[ 64%] Built target ostream-test
[ 83%] Built target posix-mock-test
[ 87%] Built target posix-test
[ 90%] Built target printf-test
[ 93%] Built target string-test
[ 96%] Built target time-test
[100%] Built target util-test
Install the project...
-- Install configuration: "Release"
-- Installing: /opt/jenkins/data/3rd/Linux/3.10.0-327.el7.x86_64/fmt/lib/cmake/fmt/fmt-config.cmake
-- Installing: /opt/jenkins/data/3rd/Linux/3.10.0-327.el7.x86_64/fmt/lib/cmake/fmt/fmt-config-version.cmake
-- Installing: /opt/jenkins/data/3rd/Linux/3.10.0-327.el7.x86_64/fmt/lib/cmake/fmt/fmt-targets.cmake
-- Installing: /opt/jenkins/data/3rd/Linux/3.10.0-327.el7.x86_64/fmt/lib/cmake/fmt/fmt-targets-release.cmake
-- Installing: /opt/jenkins/data/3rd/Linux/3.10.0-327.el7.x86_64/fmt/lib/libfmt.a
-- Installing: /opt/jenkins/data/3rd/Linux/3.10.0-327.el7.x86_64/fmt/include/fmt/container.h
-- Installing: /opt/jenkins/data/3rd/Linux/3.10.0-327.el7.x86_64/fmt/include/fmt/format.h
-- Installing: /opt/jenkins/data/3rd/Linux/3.10.0-327.el7.x86_64/fmt/include/fmt/format.cc
-- Installing: /opt/jenkins/data/3rd/Linux/3.10.0-327.el7.x86_64/fmt/include/fmt/ostream.h
-- Installing: /opt/jenkins/data/3rd/Linux/3.10.0-327.el7.x86_64/fmt/include/fmt/ostream.cc
-- Installing: /opt/jenkins/data/3rd/Linux/3.10.0-327.el7.x86_64/fmt/include/fmt/printf.h
-- Installing: /opt/jenkins/data/3rd/Linux/3.10.0-327.el7.x86_64/fmt/include/fmt/printf.cc
-- Installing: /opt/jenkins/data/3rd/Linux/3.10.0-327.el7.x86_64/fmt/include/fmt/string.h
-- Installing: /opt/jenkins/data/3rd/Linux/3.10.0-327.el7.x86_64/fmt/include/fmt/time.h
-- Installing: /opt/jenkins/data/3rd/Linux/3.10.0-327.el7.x86_64/fmt/include/fmt/posix.h
