Cloning the remote Git repository
Cloning with configured refspecs honoured and without tags
Cloning repository https://github.com/lilinj2000/fmt.git
 > git init /opt/jenkins/data/workspace/fmt_master-XTBSYUAIIXSHVVV5ZA73O4ZWW7274XNZLZTOFGWNUYRNE75UCXDA # timeout=10
Fetching upstream changes from https://github.com/lilinj2000/fmt.git
 > git --version # timeout=10
using GIT_ASKPASS to set credentials GitHub Access Token
 > git fetch --no-tags --progress https://github.com/lilinj2000/fmt.git +refs/heads/master:refs/remotes/origin/master
 > git config remote.origin.url https://github.com/lilinj2000/fmt.git # timeout=10
 > git config --add remote.origin.fetch +refs/heads/master:refs/remotes/origin/master # timeout=10
 > git config remote.origin.url https://github.com/lilinj2000/fmt.git # timeout=10
Fetching without tags
Fetching upstream changes from https://github.com/lilinj2000/fmt.git
using GIT_ASKPASS to set credentials GitHub Access Token
 > git fetch --no-tags --progress https://github.com/lilinj2000/fmt.git +refs/heads/master:refs/remotes/origin/master
Checking out Revision 25030110a02d14a771495bb5d3b9eb9bfedd83ba (master)
 > git config core.sparsecheckout # timeout=10
 > git checkout -f 25030110a02d14a771495bb5d3b9eb9bfedd83ba
Commit message: "Added Jenkinsfile"
First time build. Skipping changelog.
