[jetta_master-TVDQF527N7RVLUAO5AATZ75HAZA24WSTLSE4ZF2XJ2CAPBCDGS2A] Running shell script
+ ./configure
checking for a BSD-compatible install... /usr/bin/install -c
checking whether build environment is sane... yes
checking for a thread-safe mkdir -p... /bin/mkdir -p
checking for gawk... no
checking for mawk... no
checking for nawk... no
checking for awk... awk
checking whether make sets $(MAKE)... no
checking for g++... no
checking for c++... no
checking for gpp... no
checking for aCC... no
checking for CC... no
checking for cxx... no
checking for cc++... no
checking for cl.exe... no
checking for FCC... no
checking for KCC... no
checking for RCC... no
checking for xlC_r... no
checking for xlC... no
checking for C++ compiler default output file name... 
configure: error: in `/var/jenkins_home/workspace/jetta_master-TVDQF527N7RVLUAO5AATZ75HAZA24WSTLSE4ZF2XJ2CAPBCDGS2A':
configure: error: C++ compiler cannot create executables
See `config.log' for more details.
