Cloning the remote Git repository
Cloning with configured refspecs honoured and without tags
Cloning repository https://github.com/lilinj2000/jetta.git
 > git init /var/jenkins_home/workspace/jetta_master-TVDQF527N7RVLUAO5AATZ75HAZA24WSTLSE4ZF2XJ2CAPBCDGS2A # timeout=10
Fetching upstream changes from https://github.com/lilinj2000/jetta.git
 > git --version # timeout=10
using GIT_ASKPASS to set credentials GitHub Access Token
 > git fetch --no-tags --progress https://github.com/lilinj2000/jetta.git +refs/heads/master:refs/remotes/origin/master
 > git config remote.origin.url https://github.com/lilinj2000/jetta.git # timeout=10
 > git config --add remote.origin.fetch +refs/heads/master:refs/remotes/origin/master # timeout=10
 > git config remote.origin.url https://github.com/lilinj2000/jetta.git # timeout=10
Fetching without tags
Fetching upstream changes from https://github.com/lilinj2000/jetta.git
using GIT_ASKPASS to set credentials GitHub Access Token
 > git fetch --no-tags --progress https://github.com/lilinj2000/jetta.git +refs/heads/master:refs/remotes/origin/master
Checking out Revision 90a2153075f3513b1343de04d8f0a1d8ed8fbe20 (master)
 > git config core.sparsecheckout # timeout=10
 > git checkout -f 90a2153075f3513b1343de04d8f0a1d8ed8fbe20
Commit message: "fixed"
First time build. Skipping changelog.
