 > git rev-parse --is-inside-work-tree # timeout=10
Fetching changes from the remote Git repository
 > git config remote.origin.url https://github.com/lilinj2000/boost_1_66_0.git # timeout=10
Cleaning workspace
 > git rev-parse --verify HEAD # timeout=10
No valid HEAD. Skipping the resetting
 > git clean -fdx # timeout=10
Fetching without tags
Fetching upstream changes from https://github.com/lilinj2000/boost_1_66_0.git
 > git --version # timeout=10
using GIT_ASKPASS to set credentials GitHub Access Token
 > git fetch --no-tags --progress https://github.com/lilinj2000/boost_1_66_0.git +refs/heads/master:refs/remotes/origin/master
Checking out Revision 90c602a4b4effc0756dc0682207c9e37de124dea (master)
 > git config core.sparsecheckout # timeout=10
 > git checkout -f 90c602a4b4effc0756dc0682207c9e37de124dea # timeout=30
 > git branch -a -v --no-abbrev # timeout=10
 > git checkout -b master 90c602a4b4effc0756dc0682207c9e37de124dea # timeout=30
Commit message: "add post, cleanws"
First time build. Skipping changelog.
Cleaning workspace
 > git rev-parse --verify HEAD # timeout=10
Resetting working tree
 > git reset --hard # timeout=10
 > git clean -fdx # timeout=10
