--- Copying files at Fri Dec 29 04:48:51 UTC 2017
INSTALLED init.groovy.d/tcp-slave-agent-port.groovy
INSTALLED plugins/ace-editor.jpi : 1.1
INSTALLED plugins/antisamy-markup-formatter.jpi : 1.5
INSTALLED plugins/apache-httpcomponents-client-4-api.jpi : 4.5.3-2.0
INSTALLED plugins/authentication-tokens.jpi : 1.3
INSTALLED plugins/blueocean-autofavorite.jpi : 1.2.1
INSTALLED plugins/blueocean-bitbucket-pipeline.jpi : 1.3.5
INSTALLED plugins/blueocean-commons.jpi : 1.3.5
INSTALLED plugins/blueocean-config.jpi : 1.3.5
INSTALLED plugins/blueocean-dashboard.jpi : 1.3.5
INSTALLED plugins/blueocean-display-url.jpi : 2.2.0
INSTALLED plugins/blueocean-events.jpi : 1.3.5
INSTALLED plugins/blueocean-git-pipeline.jpi : 1.3.5
INSTALLED plugins/blueocean-github-pipeline.jpi : 1.3.5
INSTALLED plugins/blueocean-i18n.jpi : 1.3.5
INSTALLED plugins/blueocean-jira.jpi : 1.3.5
INSTALLED plugins/blueocean-jwt.jpi : 1.3.5
INSTALLED plugins/blueocean-personalization.jpi : 1.3.5
INSTALLED plugins/blueocean-pipeline-api-impl.jpi : 1.3.5
INSTALLED plugins/blueocean-pipeline-editor.jpi : 1.3.5
INSTALLED plugins/blueocean-pipeline-scm-api.jpi : 1.3.5
INSTALLED plugins/blueocean-rest-impl.jpi : 1.3.5
INSTALLED plugins/blueocean-rest.jpi : 1.3.5
INSTALLED plugins/blueocean-web.jpi : 1.3.5
INSTALLED plugins/blueocean.jpi : 1.3.5
INSTALLED plugins/branch-api.jpi : 2.0.16
INSTALLED plugins/cloudbees-bitbucket-branch-source.jpi : 2.2.8
INSTALLED plugins/cloudbees-folder.jpi : 6.2.1
INSTALLED plugins/credentials-binding.jpi : 1.13
INSTALLED plugins/credentials.jpi : 2.1.16
INSTALLED plugins/display-url-api.jpi : 2.2.0
INSTALLED plugins/docker-commons.jpi : 1.10
INSTALLED plugins/docker-workflow.jpi : 1.14
INSTALLED plugins/durable-task.jpi : 1.17
INSTALLED plugins/favorite.jpi : 2.3.1
INSTALLED plugins/git-client.jpi : 2.7.0
INSTALLED plugins/git-server.jpi : 1.7
INSTALLED plugins/git.jpi : 3.7.0
INSTALLED plugins/github-api.jpi : 1.90
INSTALLED plugins/github-branch-source.jpi : 2.3.2
INSTALLED plugins/github.jpi : 1.28.1
INSTALLED plugins/htmlpublisher.jpi : 1.14
INSTALLED plugins/jackson2-api.jpi : 2.8.10.1
INSTALLED plugins/jira.jpi : 2.5
INSTALLED plugins/jquery-detached.jpi : 1.2.1
INSTALLED plugins/jsch.jpi : 0.1.54.1
INSTALLED plugins/junit.jpi : 1.23
INSTALLED plugins/mailer.jpi : 1.20
INSTALLED plugins/matrix-auth.jpi : 2.2
INSTALLED plugins/matrix-project.jpi : 1.12
INSTALLED plugins/mercurial.jpi : 2.2
INSTALLED plugins/pipeline-build-step.jpi : 2.6
INSTALLED plugins/pipeline-graph-analysis.jpi : 1.5
INSTALLED plugins/pipeline-input-step.jpi : 2.8
INSTALLED plugins/pipeline-milestone-step.jpi : 1.3.1
INSTALLED plugins/pipeline-model-api.jpi : 1.2.5
INSTALLED plugins/pipeline-model-declarative-agent.jpi : 1.1.1
INSTALLED plugins/pipeline-model-definition.jpi : 1.2.5
INSTALLED plugins/pipeline-model-extensions.jpi : 1.2.5
INSTALLED plugins/pipeline-stage-step.jpi : 2.3
INSTALLED plugins/pipeline-stage-tags-metadata.jpi : 1.2.5
INSTALLED plugins/plain-credentials.jpi : 1.4
INSTALLED plugins/pubsub-light.jpi : 1.12
INSTALLED plugins/scm-api.jpi : 2.2.6
INSTALLED plugins/script-security.jpi : 1.39
INSTALLED plugins/sse-gateway.jpi : 1.15
INSTALLED plugins/ssh-credentials.jpi : 1.13
INSTALLED plugins/structs.jpi : 1.10
INSTALLED plugins/token-macro.jpi : 2.3
INSTALLED plugins/variant.jpi : 1.1
INSTALLED plugins/workflow-api.jpi : 2.24
INSTALLED plugins/workflow-basic-steps.jpi : 2.6
INSTALLED plugins/workflow-cps-global-lib.jpi : 2.9
INSTALLED plugins/workflow-cps.jpi : 2.42
INSTALLED plugins/workflow-durable-task-step.jpi : 2.17
INSTALLED plugins/workflow-job.jpi : 2.16
INSTALLED plugins/workflow-multibranch.jpi : 2.16
INSTALLED plugins/workflow-scm-step.jpi : 2.6
INSTALLED plugins/workflow-step-api.jpi : 2.14
INSTALLED plugins/workflow-support.jpi : 2.16
--- Copying files at Fri Dec 29 05:16:25 GMT 2017
--- Copying files at Fri Dec 29 05:34:16 UTC 2017
--- Copying files at Fri Dec 29 05:56:30 GMT 2017
--- Copying files at Fri Dec 29 08:19:55 GMT 2017
--- Copying files at Fri Dec 29 08:25:17 GMT 2017
--- Copying files at Fri Dec 29 09:22:14 GMT 2017
--- Copying files at Tue Jan  2 05:43:33 GMT 2018
--- Copying files at Tue Jan  2 09:13:00 GMT 2018
--- Copying files at Wed Jan  3 06:06:06 GMT 2018
--- Copying files at Wed Jan  3 06:16:46 GMT 2018
--- Copying files at Fri Feb  9 05:55:43 GMT 2018
--- Copying files at Fri Feb  9 05:56:08 GMT 2018
--- Copying files at Fri Feb  9 07:25:50 GMT 2018
UPGRADED plugins/apache-httpcomponents-client-4-api.jpi : Image version (4.5.3-2.1) is newer than installed version (4.5.3-2.0)
UPGRADED plugins/blueocean-bitbucket-pipeline.jpi : Image version (1.4.0) is newer than installed version (1.3.5)
UPGRADED plugins/blueocean-commons.jpi : Image version (1.4.0) is newer than installed version (1.3.5)
UPGRADED plugins/blueocean-config.jpi : Image version (1.4.0) is newer than installed version (1.3.5)
INSTALLED plugins/blueocean-core-js.jpi : 1.4.0
UPGRADED plugins/blueocean-dashboard.jpi : Image version (1.4.0) is newer than installed version (1.3.5)
UPGRADED plugins/blueocean-events.jpi : Image version (1.4.0) is newer than installed version (1.3.5)
UPGRADED plugins/blueocean-git-pipeline.jpi : Image version (1.4.0) is newer than installed version (1.3.5)
UPGRADED plugins/blueocean-github-pipeline.jpi : Image version (1.4.0) is newer than installed version (1.3.5)
UPGRADED plugins/blueocean-i18n.jpi : Image version (1.4.0) is newer than installed version (1.3.5)
UPGRADED plugins/blueocean-jira.jpi : Image version (1.4.0) is newer than installed version (1.3.5)
UPGRADED plugins/blueocean-jwt.jpi : Image version (1.4.0) is newer than installed version (1.3.5)
UPGRADED plugins/blueocean-personalization.jpi : Image version (1.4.0) is newer than installed version (1.3.5)
UPGRADED plugins/blueocean-pipeline-api-impl.jpi : Image version (1.4.0) is newer than installed version (1.3.5)
UPGRADED plugins/blueocean-pipeline-editor.jpi : Image version (1.4.0) is newer than installed version (1.3.5)
UPGRADED plugins/blueocean-pipeline-scm-api.jpi : Image version (1.4.0) is newer than installed version (1.3.5)
UPGRADED plugins/blueocean-rest-impl.jpi : Image version (1.4.0) is newer than installed version (1.3.5)
UPGRADED plugins/blueocean-rest.jpi : Image version (1.4.0) is newer than installed version (1.3.5)
UPGRADED plugins/blueocean-web.jpi : Image version (1.4.0) is newer than installed version (1.3.5)
UPGRADED plugins/blueocean.jpi : Image version (1.4.0) is newer than installed version (1.3.5)
UPGRADED plugins/branch-api.jpi : Image version (2.0.18) is newer than installed version (2.0.16)
UPGRADED plugins/cloudbees-bitbucket-branch-source.jpi : Image version (2.2.9) is newer than installed version (2.2.8)
UPGRADED plugins/cloudbees-folder.jpi : Image version (6.3) is newer than installed version (6.2.1)
UPGRADED plugins/credentials-binding.jpi : Image version (1.15) is newer than installed version (1.13)
UPGRADED plugins/docker-commons.jpi : Image version (1.11) is newer than installed version (1.10)
UPGRADED plugins/docker-workflow.jpi : Image version (1.15) is newer than installed version (1.14)
UPGRADED plugins/git-client.jpi : Image version (2.7.1) is newer than installed version (2.7.0)
UPGRADED plugins/github.jpi : Image version (1.29.0) is newer than installed version (1.28.1)
INSTALLED plugins/handy-uri-templates-2-api.jpi : 2.1.6-1.0
INSTALLED plugins/jenkins-design-language.jpi : 1.4.0
UPGRADED plugins/junit.jpi : Image version (1.24) is newer than installed version (1.23)
UPGRADED plugins/pipeline-build-step.jpi : Image version (2.7) is newer than installed version (2.6)
UPGRADED plugins/pipeline-graph-analysis.jpi : Image version (1.6) is newer than installed version (1.5)
UPGRADED plugins/pipeline-model-api.jpi : Image version (1.2.7) is newer than installed version (1.2.5)
UPGRADED plugins/pipeline-model-definition.jpi : Image version (1.2.7) is newer than installed version (1.2.5)
UPGRADED plugins/pipeline-model-extensions.jpi : Image version (1.2.7) is newer than installed version (1.2.5)
UPGRADED plugins/pipeline-stage-tags-metadata.jpi : Image version (1.2.7) is newer than installed version (1.2.5)
UPGRADED plugins/script-security.jpi : Image version (1.40) is newer than installed version (1.39)
UPGRADED plugins/structs.jpi : Image version (1.13) is newer than installed version (1.10)
UPGRADED plugins/workflow-api.jpi : Image version (2.25) is newer than installed version (2.24)
UPGRADED plugins/workflow-cps.jpi : Image version (2.44) is newer than installed version (2.42)
UPGRADED plugins/workflow-durable-task-step.jpi : Image version (2.18) is newer than installed version (2.17)
UPGRADED plugins/workflow-job.jpi : Image version (2.17) is newer than installed version (2.16)
UPGRADED plugins/workflow-multibranch.jpi : Image version (2.17) is newer than installed version (2.16)
UPGRADED plugins/workflow-support.jpi : Image version (2.18) is newer than installed version (2.16)
--- Copying files at Fri Feb  9 08:21:41 GMT 2018
--- Copying files at Fri Feb  9 10:13:31 GMT 2018
SKIPPED plugins/blueocean-bitbucket-pipeline.jpi : Installed version (1.4.1) has been manually upgraded from initial version (1.4.0)
SKIPPED plugins/blueocean-commons.jpi : Installed version (1.4.1) has been manually upgraded from initial version (1.4.0)
SKIPPED plugins/blueocean-config.jpi : Installed version (1.4.1) has been manually upgraded from initial version (1.4.0)
SKIPPED plugins/blueocean-core-js.jpi : Installed version (1.4.1) has been manually upgraded from initial version (1.4.0)
SKIPPED plugins/blueocean-dashboard.jpi : Installed version (1.4.1) has been manually upgraded from initial version (1.4.0)
SKIPPED plugins/blueocean-events.jpi : Installed version (1.4.1) has been manually upgraded from initial version (1.4.0)
SKIPPED plugins/blueocean-git-pipeline.jpi : Installed version (1.4.1) has been manually upgraded from initial version (1.4.0)
SKIPPED plugins/blueocean-github-pipeline.jpi : Installed version (1.4.1) has been manually upgraded from initial version (1.4.0)
SKIPPED plugins/blueocean-i18n.jpi : Installed version (1.4.1) has been manually upgraded from initial version (1.4.0)
SKIPPED plugins/blueocean-jira.jpi : Installed version (1.4.1) has been manually upgraded from initial version (1.4.0)
SKIPPED plugins/blueocean-jwt.jpi : Installed version (1.4.1) has been manually upgraded from initial version (1.4.0)
SKIPPED plugins/blueocean-personalization.jpi : Installed version (1.4.1) has been manually upgraded from initial version (1.4.0)
SKIPPED plugins/blueocean-pipeline-api-impl.jpi : Installed version (1.4.1) has been manually upgraded from initial version (1.4.0)
SKIPPED plugins/blueocean-pipeline-editor.jpi : Installed version (1.4.1) has been manually upgraded from initial version (1.4.0)
SKIPPED plugins/blueocean-pipeline-scm-api.jpi : Installed version (1.4.1) has been manually upgraded from initial version (1.4.0)
SKIPPED plugins/blueocean-rest-impl.jpi : Installed version (1.4.1) has been manually upgraded from initial version (1.4.0)
SKIPPED plugins/blueocean-rest.jpi : Installed version (1.4.1) has been manually upgraded from initial version (1.4.0)
SKIPPED plugins/blueocean-web.jpi : Installed version (1.4.1) has been manually upgraded from initial version (1.4.0)
SKIPPED plugins/blueocean.jpi : Installed version (1.4.1) has been manually upgraded from initial version (1.4.0)
SKIPPED plugins/jenkins-design-language.jpi : Installed version (1.4.1) has been manually upgraded from initial version (1.4.0)
SKIPPED plugins/script-security.jpi : Installed version (1.41) has been manually upgraded from initial version (1.40)
--- Copying files at Fri Feb  9 10:16:26 GMT 2018
SKIPPED plugins/blueocean-bitbucket-pipeline.jpi : Installed version (1.4.1) has been manually upgraded from initial version (1.4.0)
SKIPPED plugins/blueocean-commons.jpi : Installed version (1.4.1) has been manually upgraded from initial version (1.4.0)
SKIPPED plugins/blueocean-config.jpi : Installed version (1.4.1) has been manually upgraded from initial version (1.4.0)
SKIPPED plugins/blueocean-core-js.jpi : Installed version (1.4.1) has been manually upgraded from initial version (1.4.0)
SKIPPED plugins/blueocean-dashboard.jpi : Installed version (1.4.1) has been manually upgraded from initial version (1.4.0)
SKIPPED plugins/blueocean-events.jpi : Installed version (1.4.1) has been manually upgraded from initial version (1.4.0)
SKIPPED plugins/blueocean-git-pipeline.jpi : Installed version (1.4.1) has been manually upgraded from initial version (1.4.0)
SKIPPED plugins/blueocean-github-pipeline.jpi : Installed version (1.4.1) has been manually upgraded from initial version (1.4.0)
SKIPPED plugins/blueocean-i18n.jpi : Installed version (1.4.1) has been manually upgraded from initial version (1.4.0)
SKIPPED plugins/blueocean-jira.jpi : Installed version (1.4.1) has been manually upgraded from initial version (1.4.0)
SKIPPED plugins/blueocean-jwt.jpi : Installed version (1.4.1) has been manually upgraded from initial version (1.4.0)
SKIPPED plugins/blueocean-personalization.jpi : Installed version (1.4.1) has been manually upgraded from initial version (1.4.0)
SKIPPED plugins/blueocean-pipeline-api-impl.jpi : Installed version (1.4.1) has been manually upgraded from initial version (1.4.0)
SKIPPED plugins/blueocean-pipeline-editor.jpi : Installed version (1.4.1) has been manually upgraded from initial version (1.4.0)
SKIPPED plugins/blueocean-pipeline-scm-api.jpi : Installed version (1.4.1) has been manually upgraded from initial version (1.4.0)
SKIPPED plugins/blueocean-rest-impl.jpi : Installed version (1.4.1) has been manually upgraded from initial version (1.4.0)
SKIPPED plugins/blueocean-rest.jpi : Installed version (1.4.1) has been manually upgraded from initial version (1.4.0)
SKIPPED plugins/blueocean-web.jpi : Installed version (1.4.1) has been manually upgraded from initial version (1.4.0)
SKIPPED plugins/blueocean.jpi : Installed version (1.4.1) has been manually upgraded from initial version (1.4.0)
SKIPPED plugins/jenkins-design-language.jpi : Installed version (1.4.1) has been manually upgraded from initial version (1.4.0)
SKIPPED plugins/script-security.jpi : Installed version (1.41) has been manually upgraded from initial version (1.40)
