[soil_master-334BU6HP7ZUDNTUBIASDDTBNNUA6574M64EMF5MPSIEEUZV6SRLQ] Running shell script
+ cpplint --output=vs7 --recursive .
Done processing soil/string.h
Done processing libs/data_file.cc
Done processing soil/data_file.h
Done processing libs/date_time.cc
Done processing soil/hexdump.h
Done processing soil/macro.h
Done processing test_disruptor/perf_test.cc
Done processing soil/pause.h
Done processing libs/pause_impl.cc
Done processing libs/s_timer_impl.cc
Done processing soil/ring_queue.h
Done processing soil/log.h
Done processing test_disruptor/support/stub_event.h
Done processing libs/file_system.cc
Done processing libs/hexdump.cc
Done processing utest/ring_queue_test.cc
Done processing utest/date_time_test.cc
Done processing soil/json.h
Done processing test_disruptor/support/long_event.h
Done processing utest/s_timer_test.cc
Done processing utest/log_test.cc
Done processing soil/date_time.h
Done processing soil/demangle.h
Done processing utest/data_file_test.cc
Done processing libs/log.cc
Done processing utest/hexdump_test.cc
Done processing utest/json_test.cc
Done processing libs/json.cc
Done processing soil/reader_writer_queue.h
Done processing libs/pause_impl.h
Done processing utest/reader_writer_queue_test.cc
Done processing utest/macro_test.cc
Done processing libs/s_timer_impl.h
Done processing libs/demangle.cc
Done processing utest/demangle_test.cc
Done processing soil/s_timer.h
Done processing libs/string.cc
Done processing soil/file_system.h
Done processing utest/string_test.cc
+ cppcheck --enable=all --inconclusive --xml --xml-version=2 .
Checking libs/data_file.cc ...
1/22 files checked 4% done
Checking libs/date_time.cc ...
2/22 files checked 9% done
Checking libs/demangle.cc ...
Checking libs/demangle.cc: __GNUG__...
3/22 files checked 13% done
Checking libs/file_system.cc ...
4/22 files checked 18% done
Checking libs/hexdump.cc ...
5/22 files checked 22% done
Checking libs/json.cc ...
6/22 files checked 27% done
Checking libs/log.cc ...
7/22 files checked 31% done
Checking libs/pause_impl.cc ...
8/22 files checked 36% done
Checking libs/s_timer_impl.cc ...
9/22 files checked 40% done
Checking libs/string.cc ...
10/22 files checked 45% done
Checking test_disruptor/perf_test.cc ...
11/22 files checked 50% done
Checking utest/data_file_test.cc ...
12/22 files checked 54% done
Checking utest/date_time_test.cc ...
13/22 files checked 59% done
Checking utest/demangle_test.cc ...
14/22 files checked 63% done
Checking utest/hexdump_test.cc ...
15/22 files checked 68% done
Checking utest/json_test.cc ...
16/22 files checked 72% done
Checking utest/log_test.cc ...
17/22 files checked 77% done
Checking utest/macro_test.cc ...
18/22 files checked 81% done
Checking utest/reader_writer_queue_test.cc ...
19/22 files checked 86% done
Checking utest/ring_queue_test.cc ...
20/22 files checked 90% done
Checking utest/s_timer_test.cc ...
21/22 files checked 95% done
Checking utest/string_test.cc ...
22/22 files checked 100% done
+ cppcheck-htmlreport --title=soil/master --file=cppcheck.xml --report-dir=./cppcheck-report
Parsing xml report.
Creating ./cppcheck-report directory
Processing errors
  libs/date_time.cc
  libs/demangle.cc
  libs/file_system.cc
  libs/json.cc
  libs/log.cc
  libs/string.cc
  utest/data_file_test.cc
  utest/date_time_test.cc
  utest/demangle_test.cc
  utest/json_test.cc
  utest/log_test.cc
  utest/macro_test.cc
  utest/reader_writer_queue_test.cc
  utest/ring_queue_test.cc
  utest/s_timer_test.cc
  utest/string_test.cc
Creating index.html
Creating style.css file
Creating stats.html (statistics)


Open './cppcheck-report/index.html' to see the results.
