[fmt_master-XTBSYUAIIXSHVVV5ZA73O4ZWW7274XNZLZTOFGWNUYRNE75UCXDA] Running shell script
+ mkdir -p build
+ cd build
+ cmake -DCMAKE_INSTALL_PREFIX=/var/jenkins_home/dist_pkg/3rd/centos6/fmt -DBUILD_SHARED_LIBS=TRUE ..
-- CMake version: 2.8.12.2
-- The C compiler identification is GNU 4.8.2
-- The CXX compiler identification is GNU 4.8.2
-- Check for working C compiler: /opt/rh/devtoolset-2/root/usr/bin/cc
-- Check for working C compiler: /opt/rh/devtoolset-2/root/usr/bin/cc -- works
-- Detecting C compiler ABI info
-- Detecting C compiler ABI info - done
-- Check for working CXX compiler: /opt/rh/devtoolset-2/root/usr/bin/c++
-- Check for working CXX compiler: /opt/rh/devtoolset-2/root/usr/bin/c++ -- works
-- Detecting CXX compiler ABI info
-- Detecting CXX compiler ABI info - done
-- Version: 4.0.1
-- Build type: Release
-- Performing Test HAVE_STD_CPP11_FLAG
-- Performing Test HAVE_STD_CPP11_FLAG - Success
-- Performing Test FMT_CPP11_CMATH
-- Performing Test FMT_CPP11_CMATH - Success
-- Performing Test FMT_CPP11_UNISTD_H
-- Performing Test FMT_CPP11_UNISTD_H - Success
-- Performing Test FMT_CPP11_SNPRINTF
-- Performing Test FMT_CPP11_SNPRINTF - Success
-- Performing Test SUPPORTS_VARIADIC_TEMPLATES
-- Performing Test SUPPORTS_VARIADIC_TEMPLATES - Success
-- Performing Test SUPPORTS_INITIALIZER_LIST
-- Performing Test SUPPORTS_INITIALIZER_LIST - Success
-- Performing Test SUPPORTS_ENUM_BASE
-- Performing Test SUPPORTS_ENUM_BASE - Success
-- Performing Test SUPPORTS_TYPE_TRAITS
-- Performing Test SUPPORTS_TYPE_TRAITS - Success
-- Performing Test SUPPORTS_USER_DEFINED_LITERALS
-- Performing Test SUPPORTS_USER_DEFINED_LITERALS - Success
-- Looking for open
-- Looking for open - found
-- Target 'doc' disabled (requires doxygen)
-- Looking for include file pthread.h
-- Looking for include file pthread.h - found
-- Looking for pthread_create
-- Looking for pthread_create - not found
-- Looking for pthread_create in pthreads
-- Looking for pthread_create in pthreads - not found
-- Looking for pthread_create in pthread
-- Looking for pthread_create in pthread - found
-- Found Threads: TRUE  
-- Performing Test HAVE_FNO_DELETE_NULL_POINTER_CHECKS
-- Performing Test HAVE_FNO_DELETE_NULL_POINTER_CHECKS - Success
-- Performing Test HAVE_FNO_EXCEPTIONS_FLAG
-- Performing Test HAVE_FNO_EXCEPTIONS_FLAG - Success
-- Configuring done
-- Generating done
-- Build files have been written to: /var/jenkins_home/workspace/fmt_master-XTBSYUAIIXSHVVV5ZA73O4ZWW7274XNZLZTOFGWNUYRNE75UCXDA/build
+ make
Scanning dependencies of target fmt
[  3%] Building CXX object fmt/CMakeFiles/fmt.dir/posix.cc.o
[  6%] Building CXX object fmt/CMakeFiles/fmt.dir/format.cc.o
[  9%] Building CXX object fmt/CMakeFiles/fmt.dir/ostream.cc.o
[ 12%] Building CXX object fmt/CMakeFiles/fmt.dir/printf.cc.o
Linking CXX shared library libfmt.so
[ 12%] Built target fmt
Scanning dependencies of target gmock
[ 16%] Building CXX object test/CMakeFiles/gmock.dir/gmock-gtest-all.cc.o
Linking CXX static library libgmock.a
[ 16%] Built target gmock
Scanning dependencies of target test-main
[ 19%] Building CXX object test/CMakeFiles/test-main.dir/test-main.cc.o
[ 22%] Building CXX object test/CMakeFiles/test-main.dir/gtest-extra.cc.o
[ 25%] Building CXX object test/CMakeFiles/test-main.dir/util.cc.o
Linking CXX static library libtest-main.a
[ 25%] Built target test-main
Scanning dependencies of target assert-test
[ 29%] Building CXX object test/CMakeFiles/assert-test.dir/assert-test.cc.o
Linking CXX executable ../bin/assert-test
[ 29%] Built target assert-test
Scanning dependencies of target container-test
[ 32%] Building CXX object test/CMakeFiles/container-test.dir/container-test.cc.o
Linking CXX executable ../bin/container-test
[ 32%] Built target container-test
Scanning dependencies of target custom-formatter-test
[ 35%] Building CXX object test/CMakeFiles/custom-formatter-test.dir/custom-formatter-test.cc.o
Linking CXX executable ../bin/custom-formatter-test
[ 35%] Built target custom-formatter-test
Scanning dependencies of target format-impl-test
[ 38%] Building CXX object test/CMakeFiles/format-impl-test.dir/format-impl-test.cc.o
Linking CXX executable ../bin/format-impl-test
[ 38%] Built target format-impl-test
Scanning dependencies of target format-test
[ 41%] Building CXX object test/CMakeFiles/format-test.dir/format-test.cc.o
Linking CXX executable ../bin/format-test
[ 41%] Built target format-test
Scanning dependencies of target gtest-extra-test
[ 45%] Building CXX object test/CMakeFiles/gtest-extra-test.dir/gtest-extra-test.cc.o
Linking CXX executable ../bin/gtest-extra-test
[ 45%] Built target gtest-extra-test
Scanning dependencies of target header-only-test
[ 48%] Building CXX object test/CMakeFiles/header-only-test.dir/header-only-test.cc.o
[ 51%] Building CXX object test/CMakeFiles/header-only-test.dir/header-only-test2.cc.o
[ 54%] Building CXX object test/CMakeFiles/header-only-test.dir/test-main.cc.o
Linking CXX executable ../bin/header-only-test
[ 54%] Built target header-only-test
Scanning dependencies of target macro-test
[ 58%] Building CXX object test/CMakeFiles/macro-test.dir/macro-test.cc.o
Linking CXX executable ../bin/macro-test
[ 58%] Built target macro-test
Scanning dependencies of target noexception-test
[ 61%] Building CXX object test/CMakeFiles/noexception-test.dir/__/fmt/format.cc.o
Linking CXX shared library libnoexception-test.so
[ 61%] Built target noexception-test
Scanning dependencies of target ostream-test
[ 64%] Building CXX object test/CMakeFiles/ostream-test.dir/ostream-test.cc.o
Linking CXX executable ../bin/ostream-test
[ 64%] Built target ostream-test
Scanning dependencies of target posix-mock-test
[ 67%] Building CXX object test/CMakeFiles/posix-mock-test.dir/posix-mock-test.cc.o
[ 70%] Building CXX object test/CMakeFiles/posix-mock-test.dir/__/fmt/format.cc.o
[ 74%] Building CXX object test/CMakeFiles/posix-mock-test.dir/__/fmt/printf.cc.o
[ 77%] Building CXX object test/CMakeFiles/posix-mock-test.dir/test-main.cc.o
[ 80%] Building CXX object test/CMakeFiles/posix-mock-test.dir/gtest-extra.cc.o
[ 83%] Building CXX object test/CMakeFiles/posix-mock-test.dir/util.cc.o
Linking CXX executable ../bin/posix-mock-test
[ 83%] Built target posix-mock-test
Scanning dependencies of target posix-test
[ 87%] Building CXX object test/CMakeFiles/posix-test.dir/posix-test.cc.o
Linking CXX executable ../bin/posix-test
[ 87%] Built target posix-test
Scanning dependencies of target printf-test
[ 90%] Building CXX object test/CMakeFiles/printf-test.dir/printf-test.cc.o
Linking CXX executable ../bin/printf-test
[ 90%] Built target printf-test
Scanning dependencies of target string-test
[ 93%] Building CXX object test/CMakeFiles/string-test.dir/string-test.cc.o
Linking CXX executable ../bin/string-test
[ 93%] Built target string-test
Scanning dependencies of target time-test
[ 96%] Building CXX object test/CMakeFiles/time-test.dir/time-test.cc.o
Linking CXX executable ../bin/time-test
[ 96%] Built target time-test
Scanning dependencies of target util-test
[100%] Building CXX object test/CMakeFiles/util-test.dir/util-test.cc.o
Linking CXX executable ../bin/util-test
[100%] Built target util-test
