Started at Wed Dec 27 01:26:41 CST 2017
Checking boost_1_58_0
Checking disruptor--
Checking fmt
Checking googletest
Checking jetta
Checking rapidjson
Checking readerwriterqueue
Checking soil
Checking spdlog
Checking spdlog ? master
Checking soil ? master
Checking readerwriterqueue ? master
Checking rapidjson ? master
Checking jetta ? master
Checking googletest ? master
Checking fmt ? master
Checking disruptor-- ? master
Checking boost_1_58_0 ? master
Finished at Wed Dec 27 01:26:41 CST 2017. 150ms
