[spdlog_master-JA6K4SBU2PPLDBGMPO7AD5NYMJ4EZLUX7OU7WOHEWORAZITBQGMQ] Running shell script
+ home_spdlog=/var/jenkins_home/dist_pkg/3rd/centos6/spdlog
+ mkdir -p /var/jenkins_home/dist_pkg/3rd/centos6/spdlog
+ cp -avr include /var/jenkins_home/dist_pkg/3rd/centos6/spdlog
`include/spdlog/async_logger.h' -> `/var/jenkins_home/dist_pkg/3rd/centos6/spdlog/include/spdlog/async_logger.h'
`include/spdlog/common.h' -> `/var/jenkins_home/dist_pkg/3rd/centos6/spdlog/include/spdlog/common.h'
`include/spdlog/details/async_logger_impl.h' -> `/var/jenkins_home/dist_pkg/3rd/centos6/spdlog/include/spdlog/details/async_logger_impl.h'
`include/spdlog/details/async_log_helper.h' -> `/var/jenkins_home/dist_pkg/3rd/centos6/spdlog/include/spdlog/details/async_log_helper.h'
`include/spdlog/details/file_helper.h' -> `/var/jenkins_home/dist_pkg/3rd/centos6/spdlog/include/spdlog/details/file_helper.h'
`include/spdlog/details/logger_impl.h' -> `/var/jenkins_home/dist_pkg/3rd/centos6/spdlog/include/spdlog/details/logger_impl.h'
`include/spdlog/details/log_msg.h' -> `/var/jenkins_home/dist_pkg/3rd/centos6/spdlog/include/spdlog/details/log_msg.h'
`include/spdlog/details/mpmc_bounded_q.h' -> `/var/jenkins_home/dist_pkg/3rd/centos6/spdlog/include/spdlog/details/mpmc_bounded_q.h'
`include/spdlog/details/null_mutex.h' -> `/var/jenkins_home/dist_pkg/3rd/centos6/spdlog/include/spdlog/details/null_mutex.h'
`include/spdlog/details/os.h' -> `/var/jenkins_home/dist_pkg/3rd/centos6/spdlog/include/spdlog/details/os.h'
`include/spdlog/details/pattern_formatter_impl.h' -> `/var/jenkins_home/dist_pkg/3rd/centos6/spdlog/include/spdlog/details/pattern_formatter_impl.h'
`include/spdlog/details/registry.h' -> `/var/jenkins_home/dist_pkg/3rd/centos6/spdlog/include/spdlog/details/registry.h'
`include/spdlog/details/spdlog_impl.h' -> `/var/jenkins_home/dist_pkg/3rd/centos6/spdlog/include/spdlog/details/spdlog_impl.h'
`include/spdlog/fmt/bundled/format.cc' -> `/var/jenkins_home/dist_pkg/3rd/centos6/spdlog/include/spdlog/fmt/bundled/format.cc'
`include/spdlog/fmt/bundled/format.h' -> `/var/jenkins_home/dist_pkg/3rd/centos6/spdlog/include/spdlog/fmt/bundled/format.h'
`include/spdlog/fmt/bundled/ostream.cc' -> `/var/jenkins_home/dist_pkg/3rd/centos6/spdlog/include/spdlog/fmt/bundled/ostream.cc'
`include/spdlog/fmt/bundled/ostream.h' -> `/var/jenkins_home/dist_pkg/3rd/centos6/spdlog/include/spdlog/fmt/bundled/ostream.h'
`include/spdlog/fmt/bundled/posix.cc' -> `/var/jenkins_home/dist_pkg/3rd/centos6/spdlog/include/spdlog/fmt/bundled/posix.cc'
`include/spdlog/fmt/bundled/posix.h' -> `/var/jenkins_home/dist_pkg/3rd/centos6/spdlog/include/spdlog/fmt/bundled/posix.h'
`include/spdlog/fmt/bundled/time.h' -> `/var/jenkins_home/dist_pkg/3rd/centos6/spdlog/include/spdlog/fmt/bundled/time.h'
`include/spdlog/fmt/fmt.h' -> `/var/jenkins_home/dist_pkg/3rd/centos6/spdlog/include/spdlog/fmt/fmt.h'
`include/spdlog/fmt/ostr.h' -> `/var/jenkins_home/dist_pkg/3rd/centos6/spdlog/include/spdlog/fmt/ostr.h'
`include/spdlog/formatter.h' -> `/var/jenkins_home/dist_pkg/3rd/centos6/spdlog/include/spdlog/formatter.h'
`include/spdlog/logger.h' -> `/var/jenkins_home/dist_pkg/3rd/centos6/spdlog/include/spdlog/logger.h'
`include/spdlog/sinks/android_sink.h' -> `/var/jenkins_home/dist_pkg/3rd/centos6/spdlog/include/spdlog/sinks/android_sink.h'
`include/spdlog/sinks/ansicolor_sink.h' -> `/var/jenkins_home/dist_pkg/3rd/centos6/spdlog/include/spdlog/sinks/ansicolor_sink.h'
`include/spdlog/sinks/base_sink.h' -> `/var/jenkins_home/dist_pkg/3rd/centos6/spdlog/include/spdlog/sinks/base_sink.h'
`include/spdlog/sinks/dist_sink.h' -> `/var/jenkins_home/dist_pkg/3rd/centos6/spdlog/include/spdlog/sinks/dist_sink.h'
`include/spdlog/sinks/file_sinks.h' -> `/var/jenkins_home/dist_pkg/3rd/centos6/spdlog/include/spdlog/sinks/file_sinks.h'
`include/spdlog/sinks/msvc_sink.h' -> `/var/jenkins_home/dist_pkg/3rd/centos6/spdlog/include/spdlog/sinks/msvc_sink.h'
`include/spdlog/sinks/null_sink.h' -> `/var/jenkins_home/dist_pkg/3rd/centos6/spdlog/include/spdlog/sinks/null_sink.h'
`include/spdlog/sinks/ostream_sink.h' -> `/var/jenkins_home/dist_pkg/3rd/centos6/spdlog/include/spdlog/sinks/ostream_sink.h'
`include/spdlog/sinks/sink.h' -> `/var/jenkins_home/dist_pkg/3rd/centos6/spdlog/include/spdlog/sinks/sink.h'
`include/spdlog/sinks/stdout_sinks.h' -> `/var/jenkins_home/dist_pkg/3rd/centos6/spdlog/include/spdlog/sinks/stdout_sinks.h'
`include/spdlog/sinks/syslog_sink.h' -> `/var/jenkins_home/dist_pkg/3rd/centos6/spdlog/include/spdlog/sinks/syslog_sink.h'
`include/spdlog/sinks/wincolor_sink.h' -> `/var/jenkins_home/dist_pkg/3rd/centos6/spdlog/include/spdlog/sinks/wincolor_sink.h'
`include/spdlog/spdlog.h' -> `/var/jenkins_home/dist_pkg/3rd/centos6/spdlog/include/spdlog/spdlog.h'
`include/spdlog/tweakme.h' -> `/var/jenkins_home/dist_pkg/3rd/centos6/spdlog/include/spdlog/tweakme.h'
