Cloning the remote Git repository
Cloning with configured refspecs honoured and without tags
Cloning repository https://github.com/lilinj2000/jetta.git
 > git init /opt/jenkins/data/workspace/jetta_master-TVDQF527N7RVLUAO5AATZ75HAZA24WSTLSE4ZF2XJ2CAPBCDGS2A # timeout=10
Fetching upstream changes from https://github.com/lilinj2000/jetta.git
 > git --version # timeout=10
using GIT_ASKPASS to set credentials GitHub Access Token
 > git fetch --no-tags --progress https://github.com/lilinj2000/jetta.git +refs/heads/master:refs/remotes/origin/master
 > git config remote.origin.url https://github.com/lilinj2000/jetta.git # timeout=10
 > git config --add remote.origin.fetch +refs/heads/master:refs/remotes/origin/master # timeout=10
 > git config remote.origin.url https://github.com/lilinj2000/jetta.git # timeout=10
Fetching without tags
Fetching upstream changes from https://github.com/lilinj2000/jetta.git
using GIT_ASKPASS to set credentials GitHub Access Token
 > git fetch --no-tags --progress https://github.com/lilinj2000/jetta.git +refs/heads/master:refs/remotes/origin/master
Checking out Revision 267c4046a1a9c2eacd0bef219ee1827f73e70bd7 (master)
 > git config core.sparsecheckout # timeout=10
 > git checkout -f 267c4046a1a9c2eacd0bef219ee1827f73e70bd7
Commit message: "Added Jenkinsfile"
First time build. Skipping changelog.
