Cloning the remote Git repository
Cloning with configured refspecs honoured and without tags
Cloning repository https://github.com/lilinj2000/rapidjson.git
 > git init /opt/jenkins/data/workspace/rapidjson_master-BUK4L3NNB25EBRF3LUA6JFYEEBZW6J33RWF6PV3JGUXWM6N24OCQ # timeout=10
Fetching upstream changes from https://github.com/lilinj2000/rapidjson.git
 > git --version # timeout=10
using GIT_ASKPASS to set credentials GitHub Access Token
 > git fetch --no-tags --progress https://github.com/lilinj2000/rapidjson.git +refs/heads/master:refs/remotes/origin/master
 > git config remote.origin.url https://github.com/lilinj2000/rapidjson.git # timeout=10
 > git config --add remote.origin.fetch +refs/heads/master:refs/remotes/origin/master # timeout=10
 > git config remote.origin.url https://github.com/lilinj2000/rapidjson.git # timeout=10
Fetching without tags
Fetching upstream changes from https://github.com/lilinj2000/rapidjson.git
using GIT_ASKPASS to set credentials GitHub Access Token
 > git fetch --no-tags --progress https://github.com/lilinj2000/rapidjson.git +refs/heads/master:refs/remotes/origin/master
Checking out Revision cd30ee958647beb7d03625469c3aefb392b298c3 (master)
 > git config core.sparsecheckout # timeout=10
 > git checkout -f cd30ee958647beb7d03625469c3aefb392b298c3
Commit message: "Added Jenkinsfile"
First time build. Skipping changelog.
